#
# A fatal error has been detected by the Java Runtime Environment:
#
#  SIGSEGV (0xb) at pc=0x000000010a2fb68e, pid=6145, tid=5379
#
# JRE version: Java(TM) SE Runtime Environment (7.0_79-b15) (build 1.7.0_79-b15)
# Java VM: Java HotSpot(TM) 64-Bit Server VM (24.79-b02 mixed mode bsd-amd64 compressed oops)
# Problematic frame:
# C  [_jpype.so+0x1068e]  _ZN9JPJavaEnv9FindClassEPKc+0x26
#
# Failed to write core dump. Core dumps have been disabled. To enable core dumping, try "ulimit -c unlimited" before starting Java again
#
# If you would like to submit a bug report, please visit:
#   http://bugreport.java.com/bugreport/crash.jsp
#

---------------  T H R E A D  ---------------

Current thread is native thread

siginfo:si_signo=SIGSEGV: si_errno=0, si_code=1 (SEGV_MAPERR), si_addr=0x0000000000000000

Registers:
RAX=0x00007fd685538aa0, RBX=0x0000000000000000, RCX=0x0000000000000000, RDX=0x0000000000075b00
RSP=0x000070000ad2dd30, RBP=0x000070000ad2dd50, RSI=0x00075b0100075b00, RDI=0x00007fd68546b338
R8 =0x00007fd68546b380, R9 =0x0000000000075b00, R10=0x0000000000075b00, R11=0xffffffff00000000
R12=0x000000010ae97290, R13=0x000000010ae6af90, R14=0x000070000ad2de41, R15=0x00007fd685538aa0
RIP=0x000000010a2fb68e, EFLAGS=0x0000000000010206, ERR=0x0000000000000004
  TRAPNO=0x000000000000000e

Top of Stack: (sp=0x000070000ad2dd30)
0x000070000ad2dd30:   00007fd68761b8f0 000000010ae97290
0x000070000ad2dd40:   000070000ad2de28 00007fd685538aa0
0x000070000ad2dd50:   000070000ad2de10 000000010a310344
0x000070000ad2dd60:   616c2e6176616a12 000000010a33a928
0x000070000ad2dd70:   0000000000000000 0000000000000000
0x000070000ad2dd80:   0000000000000000 0000000000000000
0x000070000ad2dd90:   0000000000000000 0000000000000000
0x000070000ad2dda0:   0000000000000000 0000000000000000
0x000070000ad2ddb0:   0000000000000000 616c2e6176616a12
0x000070000ad2ddc0:   000000000000676e 0000000000000000
0x000070000ad2ddd0:   000000010a33ba70 0000000000000021
0x000070000ad2dde0:   0000000000000018 00007fd6875352e0
0x000070000ad2ddf0:   000000010ae97200 000000010ae97290
0x000070000ad2de00:   000000010a0a26e5 00007fd685538aa0
0x000070000ad2de10:   000070000ad2dea0 000000010a314b6e
0x000070000ad2de20:   0000000108b5e3d0 616c2e6176616a12
0x000070000ad2de30:   000000000000676e 0000000000000000
0x000070000ad2de40:   6c2f6176616a4c16 000000003b676e61
0x000070000ad2de50:   0000000000000000 000000010000000a
0x000070000ad2de60:   000000010ae9ddd4 000000010a33ba70
0x000070000ad2de70:   6f4d657079504a2c 69663a3a656c7564
0x000070000ad2de80:   007373616c43646e 000000010ae97200
0x000070000ad2de90:   000000010a12ab90 000000010a0a26e5
0x000070000ad2dea0:   000070000ad2dfb0 0000000108ade534
0x000070000ad2deb0:   0000000115573138 0000000000000009
0x000070000ad2dec0:   000000011556e428 0000000115572eb0
0x000070000ad2ded0:   000070000ad2df00 00007fd68745d570
0x000070000ad2dee0:   000000010a1177b0 000000010a105fb0
0x000070000ad2def0:   000000010ae9a3f0 000000010ae6af88
0x000070000ad2df00:   0000000000000000 000000010a0e91c0
0x000070000ad2df10:   0000000000000006 000000010ae6af88
0x000070000ad2df20:   7fffffffffffffe0 ffffffffffffffff 

Instructions: (pc=0x000000010a2fb68e)
0x000000010a2fb66e:   41 56 53 50 49 89 f6 e8 06 90 ff ff 48 89 c3 e8
0x000000010a2fb67e:   9b 64 ff ff 48 8b 08 48 89 c7 ff 51 30 49 89 c7
0x000000010a2fb68e:   48 8b 03 48 89 df 4c 89 f6 ff 50 30 48 89 c3 e8
0x000000010a2fb69e:   7b 64 ff ff 48 8b 08 48 89 c7 4c 89 fe ff 51 38 

Register to memory mapping:

RAX=0x00007fd685538aa0 is an unknown value
RBX=0x0000000000000000 is an unknown value
RCX=0x0000000000000000 is an unknown value
RDX=0x0000000000075b00 is an unknown value
RSP=0x000070000ad2dd30 is an unknown value
RBP=0x000070000ad2dd50 is an unknown value
RSI=0x00075b0100075b00 is an unknown value
RDI=0x00007fd68546b338 is an unknown value
R8 =0x00007fd68546b380 is an unknown value
R9 =0x0000000000075b00 is an unknown value
R10=0x0000000000075b00 is an unknown value
R11=0xffffffff00000000 is an unknown value
R12=0x000000010ae97290 is an unknown value
R13=0x000000010ae6af90 is an unknown value
R14=0x000070000ad2de41 is an unknown value
R15=0x00007fd685538aa0 is an unknown value


Stack: [0x000070000a934000,0x000070000ad34000],  sp=0x000070000ad2dd30,  free space=4071k
Native frames: (J=compiled Java code, j=interpreted, Vv=VM code, C=native code)
C  [_jpype.so+0x1068e]  _ZN9JPJavaEnv9FindClassEPKc+0x26
C  [_jpype.so+0x25344]  _ZN13JPTypeManager9findClassERK10JPTypeName+0x89
C  [_jpype.so+0x29b6e]  _ZN14JPypeJavaClass9findClassEP7_objectS1_+0x47
C  [Python+0x86534]  PyEval_EvalFrameEx+0x3920
C  [Python+0x82a1e]  PyEval_EvalCodeEx+0x651
C  [Python+0x28531]  PyFunction_SetClosure+0x33a
C  [Python+0xa75b]  PyObject_Call+0x63
C  [Python+0x1540c]  PyMethod_New+0x4c5
C  [Python+0xa75b]  PyObject_Call+0x63
C  [Python+0x53b33]  _PyObject_SlotCompare+0x3e67
C  [Python+0x84b62]  PyEval_EvalFrameEx+0x1f4e
C  [Python+0x82a1e]  PyEval_EvalCodeEx+0x651
C  [Python+0x28531]  PyFunction_SetClosure+0x33a
C  [Python+0xa75b]  PyObject_Call+0x63
C  [Python+0x86045]  PyEval_EvalFrameEx+0x3431
C  [Python+0x82a1e]  PyEval_EvalCodeEx+0x651
C  [Python+0x89442]  _PyEval_SliceIndex+0x152
C  [Python+0x85eae]  PyEval_EvalFrameEx+0x329a
C  [Python+0x82a1e]  PyEval_EvalCodeEx+0x651
C  [Python+0x89442]  _PyEval_SliceIndex+0x152
C  [Python+0x85eae]  PyEval_EvalFrameEx+0x329a
C  [Python+0x82a1e]  PyEval_EvalCodeEx+0x651
C  [Python+0x28531]  PyFunction_SetClosure+0x33a
C  [Python+0xa75b]  PyObject_Call+0x63
C  [Python+0x1540c]  PyMethod_New+0x4c5
C  [Python+0xa75b]  PyObject_Call+0x63
C  [Python+0x5083e]  _PyObject_SlotCompare+0xb72
C  [Python+0xa75b]  PyObject_Call+0x63
C  [Python+0x857eb]  PyEval_EvalFrameEx+0x2bd7
C  [Python+0x82a1e]  PyEval_EvalCodeEx+0x651
C  [Python+0x89442]  _PyEval_SliceIndex+0x152
C  [Python+0x85eae]  PyEval_EvalFrameEx+0x329a
C  [Python+0x82a1e]  PyEval_EvalCodeEx+0x651
C  [Python+0x28531]  PyFunction_SetClosure+0x33a
C  [Python+0xa75b]  PyObject_Call+0x63
C  [Python+0x1540c]  PyMethod_New+0x4c5
C  [Python+0xa75b]  PyObject_Call+0x63
C  [Python+0x5083e]  _PyObject_SlotCompare+0xb72
C  [Python+0xa75b]  PyObject_Call+0x63
C  [Python+0x857eb]  PyEval_EvalFrameEx+0x2bd7
C  [Python+0x82a1e]  PyEval_EvalCodeEx+0x651
C  [Python+0x89442]  _PyEval_SliceIndex+0x152
C  [Python+0x85eae]  PyEval_EvalFrameEx+0x329a
C  [Python+0x82a1e]  PyEval_EvalCodeEx+0x651
C  [Python+0x28531]  PyFunction_SetClosure+0x33a
C  [Python+0xa75b]  PyObject_Call+0x63
C  [Python+0x1540c]  PyMethod_New+0x4c5
C  [Python+0xa75b]  PyObject_Call+0x63
C  [Python+0x5083e]  _PyObject_SlotCompare+0xb72
C  [Python+0xa75b]  PyObject_Call+0x63
C  [Python+0x857eb]  PyEval_EvalFrameEx+0x2bd7
C  [Python+0x82a1e]  PyEval_EvalCodeEx+0x651
C  [Python+0x89442]  _PyEval_SliceIndex+0x152
C  [Python+0x85eae]  PyEval_EvalFrameEx+0x329a
C  [Python+0x82a1e]  PyEval_EvalCodeEx+0x651
C  [Python+0x28531]  PyFunction_SetClosure+0x33a
C  [Python+0xa75b]  PyObject_Call+0x63
C  [Python+0x1540c]  PyMethod_New+0x4c5
C  [Python+0xa75b]  PyObject_Call+0x63
C  [Python+0x5083e]  _PyObject_SlotCompare+0xb72
C  [Python+0xa75b]  PyObject_Call+0x63
C  [Python+0x857eb]  PyEval_EvalFrameEx+0x2bd7
C  [Python+0x82a1e]  PyEval_EvalCodeEx+0x651
C  [Python+0x89442]  _PyEval_SliceIndex+0x152
C  [Python+0x85eae]  PyEval_EvalFrameEx+0x329a
C  [Python+0x82a1e]  PyEval_EvalCodeEx+0x651
C  [Python+0x28531]  PyFunction_SetClosure+0x33a
C  [Python+0xa75b]  PyObject_Call+0x63
C  [Python+0x1540c]  PyMethod_New+0x4c5
C  [Python+0xa75b]  PyObject_Call+0x63
C  [Python+0x5083e]  _PyObject_SlotCompare+0xb72
C  [Python+0xa75b]  PyObject_Call+0x63
C  [Python+0x857eb]  PyEval_EvalFrameEx+0x2bd7
C  [Python+0x82a1e]  PyEval_EvalCodeEx+0x651
C  [Python+0x89442]  _PyEval_SliceIndex+0x152
C  [Python+0x85eae]  PyEval_EvalFrameEx+0x329a
C  [Python+0x82a1e]  PyEval_EvalCodeEx+0x651
C  [Python+0x28531]  PyFunction_SetClosure+0x33a
C  [Python+0xa75b]  PyObject_Call+0x63
C  [Python+0x1540c]  PyMethod_New+0x4c5
C  [Python+0xa75b]  PyObject_Call+0x63
C  [Python+0x5083e]  _PyObject_SlotCompare+0xb72
C  [Python+0xa75b]  PyObject_Call+0x63
C  [Python+0x857eb]  PyEval_EvalFrameEx+0x2bd7
C  [Python+0x82a1e]  PyEval_EvalCodeEx+0x651
C  [Python+0x89442]  _PyEval_SliceIndex+0x152
C  [Python+0x85eae]  PyEval_EvalFrameEx+0x329a
C  [Python+0x82a1e]  PyEval_EvalCodeEx+0x651
C  [Python+0x89442]  _PyEval_SliceIndex+0x152
C  [Python+0x85eae]  PyEval_EvalFrameEx+0x329a
C  [Python+0x82a1e]  PyEval_EvalCodeEx+0x651
C  [Python+0x28531]  PyFunction_SetClosure+0x33a
C  [Python+0xa75b]  PyObject_Call+0x63
C  [Python+0x1540c]  PyMethod_New+0x4c5
C  [Python+0xa75b]  PyObject_Call+0x63
C  [Python+0x5083e]  _PyObject_SlotCompare+0xb72
C  [Python+0xa75b]  PyObject_Call+0x63
C  [Python+0x857eb]  PyEval_EvalFrameEx+0x2bd7
C  [Python+0x82a1e]  PyEval_EvalCodeEx+0x651
C  [Python+0x28531]  PyFunction_SetClosure+0x33a
...<more frames>...


---------------  P R O C E S S  ---------------

VM state:at safepoint (shutting down)

VM Mutex/Monitor currently owned by a thread:  ([mutex/lock_event])
[0x00007fd6874a6860] Threads_lock - owner thread: 0x00007fd685a26800

Heap
 PSYoungGen      total 142848K, used 5731K [0x00000007aaa80000, 0x00000007b4080000, 0x0000000800000000)
  eden space 132096K, 4% used [0x00000007aaa80000,0x00000007ab018df8,0x00000007b2b80000)
  from space 10752K, 0% used [0x00000007b3600000,0x00000007b3600000,0x00000007b4080000)
  to   space 10752K, 0% used [0x00000007b2b80000,0x00000007b2b80000,0x00000007b3600000)
 ParOldGen       total 280576K, used 102503K [0x0000000700000000, 0x0000000711200000, 0x00000007aaa80000)
  object space 280576K, 36% used [0x0000000700000000,0x0000000706419dc8,0x0000000711200000)
 PSPermGen       total 21504K, used 3993K [0x00000006fae00000, 0x00000006fc300000, 0x0000000700000000)
  object space 21504K, 18% used [0x00000006fae00000,0x00000006fb1e6700,0x00000006fc300000)

Card table byte_map: [0x000000010fb23000,0x000000011034d000] byte_map_base: 0x000000010c34c000

Polling page: 0x000000010abfd000

Code Cache  [0x000000010ca63000, 0x000000010ccd3000, 0x000000010fa63000)
 total_blobs=229 nmethods=36 adapters=148 free_code_cache=48697Kb largest_free_block=49847936

Compilation events (10 events):
Event: 0.332 Thread 0x00007fd685a3e800 nmethod 32 0x000000010cad2210 code [0x000000010cad2360, 0x000000010cad2478]
Event: 0.332 Thread 0x00007fd685a3e800   33             java.util.TreeMap::<init> (40 bytes)
Event: 0.332 Thread 0x00007fd685a3e800 nmethod 33 0x000000010cad1fd0 code [0x000000010cad2100, 0x000000010cad2198]
Event: 0.332 Thread 0x00007fd685a3e800   34             java.util.TreeMap::compare (32 bytes)
Event: 0.333 Thread 0x00007fd685a3e800 nmethod 34 0x000000010cad1c50 code [0x000000010cad1da0, 0x000000010cad1e98]
Event: 0.333 Thread 0x00007fd685a3e800   35             java.util.TreeMap::fixAfterInsertion (267 bytes)
Event: 0.336 Thread 0x00007fd685a3e800 nmethod 35 0x000000010cad1690 code [0x000000010cad17e0, 0x000000010cad1a58]
Event: 0.336 Thread 0x00007fd685a3e800   36 % !         com.hankcs.hanlp.collection.trie.DoubleArrayTrie::loadBaseAndCheckByFileChannel @ 108 (165 bytes)
Event: 0.340 Thread 0x00007fd686039800 nmethod 30% 0x000000010cad7150 code [0x000000010cad7360, 0x000000010cad83c8]
Event: 0.346 Thread 0x00007fd685a3e800 nmethod 36% 0x000000010cad45d0 code [0x000000010cad4740, 0x000000010cad4e58]

GC Heap History (6 events):
Event: 0.244 GC heap before
{Heap before GC invocations=1 (full 0):
 PSYoungGen      total 76800K, used 65631K [0x00000007aaa80000, 0x00000007b0000000, 0x0000000800000000)
  eden space 66048K, 99% used [0x00000007aaa80000,0x00000007aea97d18,0x00000007aeb00000)
  from space 10752K, 0% used [0x00000007af580000,0x00000007af580000,0x00000007b0000000)
  to   space 10752K, 0% used [0x00000007aeb00000,0x00000007aeb00000,0x00000007af580000)
 ParOldGen       total 174592K, used 0K [0x0000000700000000, 0x000000070aa80000, 0x00000007aaa80000)
  object space 174592K, 0% used [0x0000000700000000,0x0000000700000000,0x000000070aa80000)
 PSPermGen       total 21504K, used 3708K [0x00000006fae00000, 0x00000006fc300000, 0x0000000700000000)
  object space 21504K, 17% used [0x00000006fae00000,0x00000006fb19f0e8,0x00000006fc300000)
Event: 0.266 GC heap after
Heap after GC invocations=1 (full 0):
 PSYoungGen      total 76800K, used 10742K [0x00000007aaa80000, 0x00000007b4080000, 0x0000000800000000)
  eden space 66048K, 0% used [0x00000007aaa80000,0x00000007aaa80000,0x00000007aeb00000)
  from space 10752K, 99% used [0x00000007aeb00000,0x00000007af57d8f0,0x00000007af580000)
  to   space 10752K, 0% used [0x00000007b3600000,0x00000007b3600000,0x00000007b4080000)
 ParOldGen       total 174592K, used 46472K [0x0000000700000000, 0x000000070aa80000, 0x00000007aaa80000)
  object space 174592K, 26% used [0x0000000700000000,0x0000000702d62300,0x000000070aa80000)
 PSPermGen       total 21504K, used 3708K [0x00000006fae00000, 0x00000006fc300000, 0x0000000700000000)
  object space 21504K, 17% used [0x00000006fae00000,0x00000006fb19f0e8,0x00000006fc300000)
}
Event: 0.351 GC heap before
{Heap before GC invocations=2 (full 0):
 PSYoungGen      total 76800K, used 76603K [0x00000007aaa80000, 0x00000007b4080000, 0x0000000800000000)
  eden space 66048K, 99% used [0x00000007aaa80000,0x00000007aead1390,0x00000007aeb00000)
  from space 10752K, 99% used [0x00000007aeb00000,0x00000007af57d8f0,0x00000007af580000)
  to   space 10752K, 0% used [0x00000007b3600000,0x00000007b3600000,0x00000007b4080000)
 ParOldGen       total 174592K, used 46472K [0x0000000700000000, 0x000000070aa80000, 0x00000007aaa80000)
  object space 174592K, 26% used [0x0000000700000000,0x0000000702d62300,0x000000070aa80000)
 PSPermGen       total 21504K, used 3900K [0x00000006fae00000, 0x00000006fc300000, 0x0000000700000000)
  object space 21504K, 18% used [0x00000006fae00000,0x00000006fb1cf0d8,0x00000006fc300000)
Event: 0.392 GC heap after
Heap after GC invocations=2 (full 0):
 PSYoungGen      total 142848K, used 10733K [0x00000007aaa80000, 0x00000007b4080000, 0x0000000800000000)
  eden space 132096K, 0% used [0x00000007aaa80000,0x00000007aaa80000,0x00000007b2b80000)
  from space 10752K, 99% used [0x00000007b3600000,0x00000007b407b7a0,0x00000007b4080000)
  to   space 10752K, 0% used [0x00000007b2b80000,0x00000007b2b80000,0x00000007b3600000)
 ParOldGen       total 174592K, used 109784K [0x0000000700000000, 0x000000070aa80000, 0x00000007aaa80000)
  object space 174592K, 62% used [0x0000000700000000,0x0000000706b36138,0x000000070aa80000)
 PSPermGen       total 21504K, used 3900K [0x00000006fae00000, 0x00000006fc300000, 0x0000000700000000)
  object space 21504K, 18% used [0x00000006fae00000,0x00000006fb1cf0d8,0x00000006fc300000)
}
Event: 0.392 GC heap before
{Heap before GC invocations=3 (full 1):
 PSYoungGen      total 142848K, used 10733K [0x00000007aaa80000, 0x00000007b4080000, 0x0000000800000000)
  eden space 132096K, 0% used [0x00000007aaa80000,0x00000007aaa80000,0x00000007b2b80000)
  from space 10752K, 99% used [0x00000007b3600000,0x00000007b407b7a0,0x00000007b4080000)
  to   space 10752K, 0% used [0x00000007b2b80000,0x00000007b2b80000,0x00000007b3600000)
 ParOldGen       total 174592K, used 109784K [0x0000000700000000, 0x000000070aa80000, 0x00000007aaa80000)
  object space 174592K, 62% used [0x0000000700000000,0x0000000706b36138,0x000000070aa80000)
 PSPermGen       total 21504K, used 3900K [0x00000006fae00000, 0x00000006fc300000, 0x0000000700000000)
  object space 21504K, 18% used [0x00000006fae00000,0x00000006fb1cf0d8,0x00000006fc300000)
Event: 0.647 GC heap after
Heap after GC invocations=3 (full 1):
 PSYoungGen      total 142848K, used 0K [0x00000007aaa80000, 0x00000007b4080000, 0x0000000800000000)
  eden space 132096K, 0% used [0x00000007aaa80000,0x00000007aaa80000,0x00000007b2b80000)
  from space 10752K, 0% used [0x00000007b3600000,0x00000007b3600000,0x00000007b4080000)
  to   space 10752K, 0% used [0x00000007b2b80000,0x00000007b2b80000,0x00000007b3600000)
 ParOldGen       total 280576K, used 102503K [0x0000000700000000, 0x0000000711200000, 0x00000007aaa80000)
  object space 280576K, 36% used [0x0000000700000000,0x0000000706419dc8,0x0000000711200000)
 PSPermGen       total 21504K, used 3898K [0x00000006fae00000, 0x00000006fc300000, 0x0000000700000000)
  object space 21504K, 18% used [0x00000006fae00000,0x00000006fb1ceb48,0x00000006fc300000)
}

Deoptimization events (10 events):
Event: 0.300 Thread 0x00007fd6878fa800 Uncommon trap: reason=uninitialized action=reinterpret pc=0x000000010cad3084 method=com.hankcs.hanlp.dictionary.CustomDictionary.loadDat(Ljava/lang/String;)Z @ 167
Event: 0.347 Thread 0x00007fd6878fa800 Uncommon trap: reason=class_check action=maybe_recompile pc=0x000000010cacfe5c method=java.util.TreeMap.compare(Ljava/lang/Object;Ljava/lang/Object;)I @ 8
Event: 0.347 Thread 0x00007fd6878fa800 Uncommon trap: reason=class_check action=maybe_recompile pc=0x000000010cacfe08 method=java.util.TreeMap.put(Ljava/lang/Object;Ljava/lang/Object;)Ljava/lang/Object; @ 127
Event: 0.347 Thread 0x00007fd6878fa800 Uncommon trap: reason=class_check action=maybe_recompile pc=0x000000010cacfe08 method=java.util.TreeMap.put(Ljava/lang/Object;Ljava/lang/Object;)Ljava/lang/Object; @ 127
Event: 0.347 Thread 0x00007fd6878fa800 Uncommon trap: reason=class_check action=maybe_recompile pc=0x000000010cacfe08 method=java.util.TreeMap.put(Ljava/lang/Object;Ljava/lang/Object;)Ljava/lang/Object; @ 127
Event: 0.347 Thread 0x00007fd6878fa800 Uncommon trap: reason=class_check action=maybe_recompile pc=0x000000010cacfe08 method=java.util.TreeMap.put(Ljava/lang/Object;Ljava/lang/Object;)Ljava/lang/Object; @ 127
Event: 0.347 Thread 0x00007fd6878fa800 Uncommon trap: reason=unreached action=reinterpret pc=0x000000010cad1998 method=java.util.TreeMap.fixAfterInsertion(Ljava/util/TreeMap$Entry;)V @ 41
Event: 0.349 Thread 0x00007fd6878fa800 Uncommon trap: reason=class_check action=maybe_recompile pc=0x000000010cad1e38 method=java.util.TreeMap.compare(Ljava/lang/Object;Ljava/lang/Object;)I @ 8
Event: 0.349 Thread 0x00007fd6878fa800 Uncommon trap: reason=class_check action=maybe_recompile pc=0x000000010cad1e38 method=java.util.TreeMap.compare(Ljava/lang/Object;Ljava/lang/Object;)I @ 8
Event: 0.349 Thread 0x00007fd6878fa800 Uncommon trap: reason=class_check action=maybe_recompile pc=0x000000010cad1e38 method=java.util.TreeMap.compare(Ljava/lang/Object;Ljava/lang/Object;)I @ 8

Internal exceptions (10 events):
Event: 0.346 Thread 0x00007fd6878fa800 Threw 0x00000007ad7925d0 at /HUDSON/workspace/7u-2-build-macosx-x86_64/jdk7u79/2331/hotspot/src/share/vm/prims/jvm.cpp:1304
Event: 0.347 Thread 0x00007fd6878fa800 Threw 0x00000007ad79d048 at /HUDSON/workspace/7u-2-build-macosx-x86_64/jdk7u79/2331/hotspot/src/share/vm/prims/jvm.cpp:1304
Event: 0.347 Thread 0x00007fd6878fa800 Threw 0x00000007ad7a0d98 at /HUDSON/workspace/7u-2-build-macosx-x86_64/jdk7u79/2331/hotspot/src/share/vm/prims/jvm.cpp:1304
Event: 0.348 Thread 0x00007fd6878fa800 Threw 0x00000007ad7aa088 at /HUDSON/workspace/7u-2-build-macosx-x86_64/jdk7u79/2331/hotspot/src/share/vm/prims/jvm.cpp:1304
Event: 0.650 Thread 0x00007fd6878fa800 Threw 0x00000007aade3840 at /HUDSON/workspace/7u-2-build-macosx-x86_64/jdk7u79/2331/hotspot/src/share/vm/prims/jvm.cpp:1304
Event: 0.650 Thread 0x00007fd6878fa800 Threw 0x00000007aade65b8 at /HUDSON/workspace/7u-2-build-macosx-x86_64/jdk7u79/2331/hotspot/src/share/vm/prims/jvm.cpp:1304
Event: 0.651 Thread 0x00007fd6878fa800 Threw 0x00000007aadef1a0 at /HUDSON/workspace/7u-2-build-macosx-x86_64/jdk7u79/2331/hotspot/src/share/vm/prims/jvm.cpp:1304
Event: 0.651 Thread 0x00007fd6878fa800 Threw 0x00000007aadf2028 at /HUDSON/workspace/7u-2-build-macosx-x86_64/jdk7u79/2331/hotspot/src/share/vm/prims/jvm.cpp:1304
Event: 0.651 Thread 0x00007fd6878fa800 Threw 0x00000007aadf6a60 at /HUDSON/workspace/7u-2-build-macosx-x86_64/jdk7u79/2331/hotspot/src/share/vm/prims/jvm.cpp:1304
Event: 0.652 Thread 0x00007fd6878fa800 Threw 0x00000007aadfb380 at /HUDSON/workspace/7u-2-build-macosx-x86_64/jdk7u79/2331/hotspot/src/share/vm/prims/jvm.cpp:1304

Events (10 events):
Event: 0.902 Thread 0x00007fd687959000 Thread exited: 0x00007fd687959000
Event: 0.902 loading class 0x00007fd6869709b0
Event: 0.903 loading class 0x00007fd6869709b0 done
Event: 0.903 loading class 0x00007fd686970af0
Event: 0.903 loading class 0x00007fd686970b20
Event: 0.903 loading class 0x00007fd686970b20 done
Event: 0.903 loading class 0x00007fd686970af0 done
Event: 0.903 Thread 0x00007fd686ad1000 Thread added: 0x00007fd686ad1000
Event: 0.903 Thread 0x00007fd686ad1000 Thread exited: 0x00007fd686ad1000
Event: 0.903 Thread 0x00007fd6878fa800 Thread exited: 0x00007fd6878fa800


Dynamic libraries:
0x0000000108a58000 	/System/Library/Frameworks/Python.framework/Versions/2.7/Python
0x0000000022ef8000 	/usr/lib/libSystem.B.dylib
0x0000000022ef8000 	/System/Library/Frameworks/CoreFoundation.framework/Versions/A/CoreFoundation
0x0000000022ef8000 	/usr/lib/system/libcache.dylib
0x0000000022ef8000 	/usr/lib/system/libcommonCrypto.dylib
0x0000000022ef8000 	/usr/lib/system/libcompiler_rt.dylib
0x0000000022ef8000 	/usr/lib/system/libcopyfile.dylib
0x0000000022ef8000 	/usr/lib/system/libcorecrypto.dylib
0x0000000022ef8000 	/usr/lib/system/libdispatch.dylib
0x0000000022ef8000 	/usr/lib/system/libdyld.dylib
0x0000000022ef8000 	/usr/lib/system/libkeymgr.dylib
0x0000000022ef8000 	/usr/lib/system/liblaunch.dylib
0x0000000022ef8000 	/usr/lib/system/libmacho.dylib
0x0000000022ef8000 	/usr/lib/system/libquarantine.dylib
0x0000000022ef8000 	/usr/lib/system/libremovefile.dylib
0x0000000022ef8000 	/usr/lib/system/libsystem_asl.dylib
0x0000000022ef8000 	/usr/lib/system/libsystem_blocks.dylib
0x0000000022ef8000 	/usr/lib/system/libsystem_c.dylib
0x0000000022ef8000 	/usr/lib/system/libsystem_configuration.dylib
0x0000000022ef8000 	/usr/lib/system/libsystem_coreservices.dylib
0x0000000022ef8000 	/usr/lib/system/libsystem_coretls.dylib
0x0000000022ef8000 	/usr/lib/system/libsystem_dnssd.dylib
0x0000000022ef8000 	/usr/lib/system/libsystem_info.dylib
0x0000000022ef8000 	/usr/lib/system/libsystem_kernel.dylib
0x0000000022ef8000 	/usr/lib/system/libsystem_m.dylib
0x0000000022ef8000 	/usr/lib/system/libsystem_malloc.dylib
0x0000000022ef8000 	/usr/lib/system/libsystem_network.dylib
0x0000000022ef8000 	/usr/lib/system/libsystem_networkextension.dylib
0x0000000022ef8000 	/usr/lib/system/libsystem_notify.dylib
0x0000000022ef8000 	/usr/lib/system/libsystem_platform.dylib
0x0000000022ef8000 	/usr/lib/system/libsystem_pthread.dylib
0x0000000022ef8000 	/usr/lib/system/libsystem_sandbox.dylib
0x0000000022ef8000 	/usr/lib/system/libsystem_secinit.dylib
0x0000000022ef8000 	/usr/lib/system/libsystem_symptoms.dylib
0x0000000022ef8000 	/usr/lib/system/libsystem_trace.dylib
0x0000000022ef8000 	/usr/lib/system/libunwind.dylib
0x0000000022ef8000 	/usr/lib/system/libxpc.dylib
0x0000000022ef8000 	/usr/lib/libobjc.A.dylib
0x0000000022ef8000 	/usr/lib/libauto.dylib
0x0000000022ef8000 	/usr/lib/libc++abi.dylib
0x0000000022ef8000 	/usr/lib/libc++.1.dylib
0x0000000022ef8000 	/usr/lib/libDiagnosticMessagesClient.dylib
0x0000000022ef8000 	/usr/lib/libicucore.A.dylib
0x0000000022ef8000 	/usr/lib/libz.1.dylib
0x0000000108be2000 	/System/Library/CoreServices/Encodings/libSimplifiedChineseConverter.dylib
0x0000000108d28000 	/System/Library/Frameworks/Python.framework/Versions/2.7/lib/python2.7/lib-dynload/_locale.so
0x0000000108d6e000 	/System/Library/Frameworks/Python.framework/Versions/2.7/lib/python2.7/lib-dynload/datetime.so
0x0000000108dc1000 	/System/Library/Frameworks/Python.framework/Versions/2.7/lib/python2.7/lib-dynload/time.so
0x0000000108dc9000 	/System/Library/Frameworks/Python.framework/Versions/2.7/lib/python2.7/lib-dynload/select.so
0x0000000108dd2000 	/System/Library/Frameworks/Python.framework/Versions/2.7/lib/python2.7/lib-dynload/fcntl.so
0x0000000108dd8000 	/System/Library/Frameworks/Python.framework/Versions/2.7/lib/python2.7/lib-dynload/_struct.so
0x0000000108de2000 	/System/Library/Frameworks/Python.framework/Versions/2.7/lib/python2.7/lib-dynload/binascii.so
0x0000000108de9000 	/System/Library/Frameworks/Python.framework/Versions/2.7/lib/python2.7/lib-dynload/cStringIO.so
0x0000000108df0000 	/System/Library/Frameworks/Python.framework/Versions/2.7/lib/python2.7/lib-dynload/_functools.so
0x0000000108e36000 	/System/Library/Frameworks/Python.framework/Versions/2.7/lib/python2.7/lib-dynload/_collections.so
0x0000000108e3f000 	/System/Library/Frameworks/Python.framework/Versions/2.7/lib/python2.7/lib-dynload/operator.so
0x0000000108e49000 	/System/Library/Frameworks/Python.framework/Versions/2.7/lib/python2.7/lib-dynload/itertools.so
0x0000000108e57000 	/System/Library/Frameworks/Python.framework/Versions/2.7/lib/python2.7/lib-dynload/_heapq.so
0x0000000108fde000 	/System/Library/Frameworks/Python.framework/Versions/2.7/lib/python2.7/lib-dynload/math.so
0x0000000109028000 	/System/Library/Frameworks/Python.framework/Versions/2.7/lib/python2.7/lib-dynload/strop.so
0x0000000109071000 	/System/Library/Frameworks/Python.framework/Versions/2.7/lib/python2.7/lib-dynload/_socket.so
0x0000000109083000 	/System/Library/Frameworks/Python.framework/Versions/2.7/lib/python2.7/lib-dynload/_ssl.so
0x0000000022ef8000 	/usr/lib/libssl.0.9.8.dylib
0x0000000022ef8000 	/usr/lib/libcrypto.0.9.8.dylib
0x0000000022ef8000 	/System/Library/PrivateFrameworks/TrustEvaluationAgent.framework/Versions/A/TrustEvaluationAgent
0x0000000109118000 	/System/Library/Frameworks/Python.framework/Versions/2.7/lib/python2.7/lib-dynload/_scproxy.so
0x0000000022ef8000 	/System/Library/Frameworks/SystemConfiguration.framework/Versions/A/SystemConfiguration
0x0000000022ef8000 	/usr/lib/libnetwork.dylib
0x0000000022ef8000 	/usr/lib/libbsm.0.dylib
0x0000000022ef8000 	/usr/lib/libpcap.A.dylib
0x0000000022ef8000 	/usr/lib/libcoretls.dylib
0x0000000022ef8000 	/usr/lib/libcoretls_cfhelpers.dylib
0x0000000022ef8000 	/System/Library/Frameworks/Security.framework/Versions/A/Security
0x0000000022ef8000 	/usr/lib/libxar.1.dylib
0x0000000022ef8000 	/usr/lib/libsqlite3.dylib
0x0000000022ef8000 	/usr/lib/libpam.2.dylib
0x0000000022ef8000 	/System/Library/Frameworks/IOKit.framework/Versions/A/IOKit
0x0000000022ef8000 	/usr/lib/libOpenScriptingUtil.dylib
0x0000000022ef8000 	/usr/lib/libbz2.1.0.dylib
0x0000000022ef8000 	/usr/lib/libxml2.2.dylib
0x0000000022ef8000 	/usr/lib/liblzma.5.dylib
0x0000000022ef8000 	/usr/lib/libenergytrace.dylib
0x0000000022ef8000 	/usr/lib/system/libkxld.dylib
0x000000010911d000 	/System/Library/Frameworks/Python.framework/Versions/2.7/lib/python2.7/lib-dynload/_io.so
0x000000010913e000 	/System/Library/Frameworks/Python.framework/Versions/2.7/lib/python2.7/lib-dynload/_hashlib.so
0x0000000109145000 	/System/Library/Frameworks/Python.framework/Versions/2.7/lib/python2.7/lib-dynload/_random.so
0x00000001092cb000 	/System/Library/Frameworks/Python.framework/Versions/2.7/lib/python2.7/lib-dynload/grp.so
0x00000001092d0000 	/System/Library/Frameworks/Python.framework/Versions/2.7/lib/python2.7/lib-dynload/zlib.so
0x0000000109358000 	/System/Library/Frameworks/Python.framework/Versions/2.7/lib/python2.7/lib-dynload/parser.so
0x00000001093a5000 	/System/Library/Frameworks/Python.framework/Versions/2.7/lib/python2.7/lib-dynload/pyexpat.so
0x00000001093b2000 	/usr/lib/libexpat.1.dylib
0x0000000109415000 	/System/Library/Frameworks/Python.framework/Versions/2.7/lib/python2.7/lib-dynload/_bisect.so
0x000000010945a000 	/System/Library/Frameworks/Python.framework/Versions/2.7/lib/python2.7/lib-dynload/_ctypes.so
0x0000000022ef8000 	/usr/lib/libffi.dylib
0x00000001094b5000 	/System/Library/Frameworks/Python.framework/Versions/2.7/lib/python2.7/lib-dynload/_json.so
0x00000001094bf000 	/System/Library/Frameworks/Python.framework/Versions/2.7/lib/python2.7/lib-dynload/unicodedata.so
0x000000010982b000 	/System/Library/Frameworks/Python.framework/Versions/2.7/lib/python2.7/lib-dynload/termios.so
0x0000000109832000 	/System/Library/Frameworks/Python.framework/Versions/2.7/lib/python2.7/lib-dynload/cPickle.so
0x00000001098c4000 	/System/Library/Frameworks/Python.framework/Versions/2.7/lib/python2.7/lib-dynload/array.so
0x0000000109b0f000 	/Library/Python/2.7/site-packages/_mysql.so
0x0000000109b1f000 	/usr/local/mysql/lib/libmysqlclient.20.dylib
0x000000010a12f000 	/Library/Python/2.7/site-packages/_MeCab.so
0x000000010a14f000 	/usr/local/lib/libmecab.2.dylib
0x0000000022ef8000 	/usr/lib/libiconv.2.dylib
0x000000010a2eb000 	/Library/Python/2.7/site-packages/_jpype.so
0x000000010a3d4000 	/System/Library/Frameworks/Python.framework/Versions/2.7/Extras/lib/python/numpy/core/multiarray.so
0x000000010a4c6000 	/System/Library/Frameworks/Python.framework/Versions/2.7/Extras/lib/python/numpy/core/umath.so
0x000000010a557000 	/System/Library/Frameworks/Python.framework/Versions/2.7/Extras/lib/python/numpy/core/_dotblas.so
0x0000000022ef8000 	/System/Library/Frameworks/Accelerate.framework/Versions/A/Accelerate
0x0000000022ef8000 	/System/Library/Frameworks/Accelerate.framework/Versions/A/Frameworks/vImage.framework/Versions/A/vImage
0x0000000022ef8000 	/System/Library/Frameworks/Accelerate.framework/Versions/A/Frameworks/vecLib.framework/Versions/A/vecLib
0x0000000022ef8000 	/System/Library/Frameworks/Accelerate.framework/Versions/A/Frameworks/vecLib.framework/Versions/A/libvDSP.dylib
0x0000000022ef8000 	/System/Library/Frameworks/Accelerate.framework/Versions/A/Frameworks/vecLib.framework/Versions/A/libBNNS.dylib
0x0000000022ef8000 	/System/Library/Frameworks/Accelerate.framework/Versions/A/Frameworks/vecLib.framework/Versions/A/libQuadrature.dylib
0x0000000022ef8000 	/System/Library/Frameworks/Accelerate.framework/Versions/A/Frameworks/vecLib.framework/Versions/A/libvMisc.dylib
0x0000000022ef8000 	/System/Library/Frameworks/Accelerate.framework/Versions/A/Frameworks/vecLib.framework/Versions/A/libLAPACK.dylib
0x0000000022ef8000 	/System/Library/Frameworks/Accelerate.framework/Versions/A/Frameworks/vecLib.framework/Versions/A/libBLAS.dylib
0x0000000022ef8000 	/System/Library/Frameworks/Accelerate.framework/Versions/A/Frameworks/vecLib.framework/Versions/A/libLinearAlgebra.dylib
0x0000000022ef8000 	/System/Library/Frameworks/Accelerate.framework/Versions/A/Frameworks/vecLib.framework/Versions/A/libSparseBLAS.dylib
0x000000010a59f000 	/System/Library/Frameworks/Python.framework/Versions/2.7/Extras/lib/python/numpy/core/scalarmath.so
0x000000010a63f000 	/System/Library/Frameworks/Python.framework/Versions/2.7/Extras/lib/python/numpy/lib/_compiled_base.so
0x000000010a689000 	/System/Library/Frameworks/Python.framework/Versions/2.7/Extras/lib/python/numpy/linalg/lapack_lite.so
0x000000010a992000 	/System/Library/Frameworks/Python.framework/Versions/2.7/Extras/lib/python/numpy/linalg/_umath_linalg.so
0x000000010ab73000 	/System/Library/Frameworks/Python.framework/Versions/2.7/lib/python2.7/lib-dynload/future_builtins.so
0x000000010abb8000 	/System/Library/Frameworks/Python.framework/Versions/2.7/Extras/lib/python/numpy/fft/fftpack_lite.so
0x000000010ad04000 	/System/Library/Frameworks/Python.framework/Versions/2.7/Extras/lib/python/numpy/random/mtrand.so
0x000000010aeb6000 	/Library/Java/JavaVirtualMachines/jdk1.7.0_79.jdk/Contents/Home/jre/lib/jli/libjli.dylib
0x0000000022ef8000 	/System/Library/Frameworks/Cocoa.framework/Versions/A/Cocoa
0x0000000022ef8000 	/System/Library/Frameworks/ApplicationServices.framework/Versions/A/ApplicationServices
0x0000000022ef8000 	/System/Library/Frameworks/Foundation.framework/Versions/C/Foundation
0x0000000022ef8000 	/System/Library/Frameworks/AppKit.framework/Versions/C/AppKit
0x0000000022ef8000 	/System/Library/Frameworks/CoreData.framework/Versions/A/CoreData
0x0000000022ef8000 	/System/Library/PrivateFrameworks/RemoteViewServices.framework/Versions/A/RemoteViewServices
0x0000000022ef8000 	/System/Library/PrivateFrameworks/UIFoundation.framework/Versions/A/UIFoundation
0x0000000022ef8000 	/System/Library/PrivateFrameworks/DFRFoundation.framework/Versions/A/DFRFoundation
0x0000000022ef8000 	/System/Library/PrivateFrameworks/SkyLight.framework/Versions/A/SkyLight
0x0000000022ef8000 	/System/Library/Frameworks/CoreGraphics.framework/Versions/A/CoreGraphics
0x0000000022ef8000 	/usr/lib/libScreenReader.dylib
0x0000000022ef8000 	/System/Library/Frameworks/IOSurface.framework/Versions/A/IOSurface
0x0000000022ef8000 	/System/Library/Frameworks/AudioToolbox.framework/Versions/A/AudioToolbox
0x0000000022ef8000 	/System/Library/Frameworks/AudioUnit.framework/Versions/A/AudioUnit
0x0000000022ef8000 	/System/Library/PrivateFrameworks/DataDetectorsCore.framework/Versions/A/DataDetectorsCore
0x0000000022ef8000 	/System/Library/PrivateFrameworks/DesktopServicesPriv.framework/Versions/A/DesktopServicesPriv
0x0000000022ef8000 	/System/Library/Frameworks/Carbon.framework/Versions/A/Frameworks/HIToolbox.framework/Versions/A/HIToolbox
0x0000000022ef8000 	/System/Library/Frameworks/QuartzCore.framework/Versions/A/QuartzCore
0x0000000022ef8000 	/System/Library/Frameworks/Carbon.framework/Versions/A/Frameworks/SpeechRecognition.framework/Versions/A/SpeechRecognition
0x0000000022ef8000 	/System/Library/PrivateFrameworks/CoreUI.framework/Versions/A/CoreUI
0x0000000022ef8000 	/System/Library/Frameworks/CoreAudio.framework/Versions/A/CoreAudio
0x0000000022ef8000 	/System/Library/Frameworks/DiskArbitration.framework/Versions/A/DiskArbitration
0x0000000022ef8000 	/usr/lib/liblangid.dylib
0x0000000022ef8000 	/System/Library/PrivateFrameworks/MultitouchSupport.framework/Versions/A/MultitouchSupport
0x0000000022ef8000 	/System/Library/Frameworks/CoreServices.framework/Versions/A/CoreServices
0x0000000022ef8000 	/System/Library/PrivateFrameworks/PerformanceAnalysis.framework/Versions/A/PerformanceAnalysis
0x0000000022ef8000 	/System/Library/PrivateFrameworks/GenerationalStorage.framework/Versions/A/GenerationalStorage
0x0000000022ef8000 	/System/Library/Frameworks/OpenGL.framework/Versions/A/OpenGL
0x0000000022ef8000 	/System/Library/Frameworks/CoreImage.framework/Versions/A/CoreImage
0x0000000022ef8000 	/System/Library/Frameworks/CoreText.framework/Versions/A/CoreText
0x0000000022ef8000 	/System/Library/Frameworks/ImageIO.framework/Versions/A/ImageIO
0x0000000022ef8000 	/System/Library/PrivateFrameworks/Backup.framework/Versions/A/Backup
0x0000000022ef8000 	/usr/lib/libarchive.2.dylib
0x0000000022ef8000 	/System/Library/Frameworks/CFNetwork.framework/Versions/A/CFNetwork
0x0000000022ef8000 	/usr/lib/libCRFSuite.dylib
0x0000000022ef8000 	/System/Library/Frameworks/CoreServices.framework/Versions/A/Frameworks/FSEvents.framework/Versions/A/FSEvents
0x0000000022ef8000 	/System/Library/Frameworks/CoreServices.framework/Versions/A/Frameworks/CarbonCore.framework/Versions/A/CarbonCore
0x0000000022ef8000 	/System/Library/Frameworks/CoreServices.framework/Versions/A/Frameworks/Metadata.framework/Versions/A/Metadata
0x0000000022ef8000 	/System/Library/Frameworks/CoreServices.framework/Versions/A/Frameworks/OSServices.framework/Versions/A/OSServices
0x0000000022ef8000 	/System/Library/Frameworks/CoreServices.framework/Versions/A/Frameworks/SearchKit.framework/Versions/A/SearchKit
0x0000000022ef8000 	/System/Library/Frameworks/CoreServices.framework/Versions/A/Frameworks/AE.framework/Versions/A/AE
0x0000000022ef8000 	/System/Library/Frameworks/CoreServices.framework/Versions/A/Frameworks/LaunchServices.framework/Versions/A/LaunchServices
0x0000000022ef8000 	/System/Library/Frameworks/CoreServices.framework/Versions/A/Frameworks/DictionaryServices.framework/Versions/A/DictionaryServices
0x0000000022ef8000 	/System/Library/Frameworks/CoreServices.framework/Versions/A/Frameworks/SharedFileList.framework/Versions/A/SharedFileList
0x0000000022ef8000 	/System/Library/Frameworks/NetFS.framework/Versions/A/NetFS
0x0000000022ef8000 	/System/Library/PrivateFrameworks/NetAuth.framework/Versions/A/NetAuth
0x0000000022ef8000 	/System/Library/PrivateFrameworks/login.framework/Versions/A/Frameworks/loginsupport.framework/Versions/A/loginsupport
0x0000000022ef8000 	/System/Library/PrivateFrameworks/TCC.framework/Versions/A/TCC
0x0000000022ef8000 	/usr/lib/libmecabra.dylib
0x0000000022ef8000 	/System/Library/Frameworks/ApplicationServices.framework/Versions/A/Frameworks/ATS.framework/Versions/A/ATS
0x0000000022ef8000 	/System/Library/Frameworks/ApplicationServices.framework/Versions/A/Frameworks/ColorSync.framework/Versions/A/ColorSync
0x0000000022ef8000 	/System/Library/Frameworks/ApplicationServices.framework/Versions/A/Frameworks/HIServices.framework/Versions/A/HIServices
0x0000000022ef8000 	/System/Library/Frameworks/ApplicationServices.framework/Versions/A/Frameworks/LangAnalysis.framework/Versions/A/LangAnalysis
0x0000000022ef8000 	/System/Library/Frameworks/ApplicationServices.framework/Versions/A/Frameworks/PrintCore.framework/Versions/A/PrintCore
0x0000000022ef8000 	/System/Library/Frameworks/ApplicationServices.framework/Versions/A/Frameworks/QD.framework/Versions/A/QD
0x0000000022ef8000 	/System/Library/Frameworks/ApplicationServices.framework/Versions/A/Frameworks/SpeechSynthesis.framework/Versions/A/SpeechSynthesis
0x0000000022ef8000 	/System/Library/Frameworks/ApplicationServices.framework/Versions/A/Frameworks/ATS.framework/Versions/A/Resources/libFontParser.dylib
0x0000000022ef8000 	/System/Library/Frameworks/ApplicationServices.framework/Versions/A/Frameworks/ATS.framework/Versions/A/Resources/libFontRegistry.dylib
0x0000000022ef8000 	/System/Library/Frameworks/ImageIO.framework/Versions/A/Resources/libJPEG.dylib
0x0000000022ef8000 	/System/Library/Frameworks/ImageIO.framework/Versions/A/Resources/libTIFF.dylib
0x0000000022ef8000 	/System/Library/Frameworks/ImageIO.framework/Versions/A/Resources/libPng.dylib
0x0000000022ef8000 	/System/Library/Frameworks/ImageIO.framework/Versions/A/Resources/libGIF.dylib
0x0000000022ef8000 	/System/Library/Frameworks/ImageIO.framework/Versions/A/Resources/libJP2.dylib
0x0000000022ef8000 	/System/Library/Frameworks/ImageIO.framework/Versions/A/Resources/libRadiance.dylib
0x0000000022ef8000 	/usr/lib/libcompression.dylib
0x0000000022ef8000 	/System/Library/PrivateFrameworks/AppleJPEG.framework/Versions/A/AppleJPEG
0x0000000022ef8000 	/usr/lib/libcups.2.dylib
0x0000000022ef8000 	/System/Library/Frameworks/Kerberos.framework/Versions/A/Kerberos
0x0000000022ef8000 	/System/Library/Frameworks/GSS.framework/Versions/A/GSS
0x0000000022ef8000 	/usr/lib/libresolv.9.dylib
0x0000000022ef8000 	/System/Library/PrivateFrameworks/Heimdal.framework/Versions/A/Heimdal
0x0000000022ef8000 	/usr/lib/libheimdal-asn1.dylib
0x0000000022ef8000 	/System/Library/Frameworks/OpenDirectory.framework/Versions/A/OpenDirectory
0x0000000022ef8000 	/System/Library/PrivateFrameworks/CommonAuth.framework/Versions/A/CommonAuth
0x0000000022ef8000 	/System/Library/Frameworks/OpenDirectory.framework/Versions/A/Frameworks/CFOpenDirectory.framework/Versions/A/CFOpenDirectory
0x0000000022ef8000 	/System/Library/Frameworks/SecurityFoundation.framework/Versions/A/SecurityFoundation
0x0000000022ef8000 	/System/Library/PrivateFrameworks/LanguageModeling.framework/Versions/A/LanguageModeling
0x0000000022ef8000 	/usr/lib/libmarisa.dylib
0x0000000022ef8000 	/usr/lib/libChineseTokenizer.dylib
0x0000000022ef8000 	/usr/lib/libcmph.dylib
0x0000000022ef8000 	/System/Library/PrivateFrameworks/CoreEmoji.framework/Versions/A/CoreEmoji
0x0000000022ef8000 	/System/Library/Frameworks/ServiceManagement.framework/Versions/A/ServiceManagement
0x0000000022ef8000 	/usr/lib/libxslt.1.dylib
0x0000000022ef8000 	/System/Library/Frameworks/Carbon.framework/Versions/A/Frameworks/Ink.framework/Versions/A/Ink
0x0000000022ef8000 	/System/Library/PrivateFrameworks/TextureIO.framework/Versions/A/TextureIO
0x0000000022ef8000 	/System/Library/Frameworks/Metal.framework/Versions/A/Metal
0x0000000022ef8000 	/usr/lib/libate.dylib
0x0000000022ef8000 	/System/Library/PrivateFrameworks/GPUCompiler.framework/libmetal_timestamp.dylib
0x0000000022ef8000 	/System/Library/Frameworks/OpenGL.framework/Versions/A/Libraries/libCoreFSCache.dylib
0x0000000022ef8000 	/System/Library/PrivateFrameworks/IOAccelerator.framework/Versions/A/IOAccelerator
0x0000000022ef8000 	/System/Library/Frameworks/CoreVideo.framework/Versions/A/CoreVideo
0x0000000022ef8000 	/usr/lib/libFosl_dynamic.dylib
0x0000000022ef8000 	/System/Library/PrivateFrameworks/MetalPerformanceShaders.framework/Versions/A/MetalPerformanceShaders
0x0000000022ef8000 	/System/Library/PrivateFrameworks/FaceCore.framework/Versions/A/FaceCore
0x0000000022ef8000 	/System/Library/Frameworks/OpenCL.framework/Versions/A/OpenCL
0x0000000022ef8000 	/System/Library/Frameworks/OpenGL.framework/Versions/A/Libraries/libGLU.dylib
0x0000000022ef8000 	/System/Library/Frameworks/OpenGL.framework/Versions/A/Libraries/libGFXShared.dylib
0x0000000022ef8000 	/System/Library/Frameworks/OpenGL.framework/Versions/A/Libraries/libGL.dylib
0x0000000022ef8000 	/System/Library/Frameworks/OpenGL.framework/Versions/A/Libraries/libGLImage.dylib
0x0000000022ef8000 	/System/Library/Frameworks/OpenGL.framework/Versions/A/Libraries/libCVMSPluginSupport.dylib
0x0000000022ef8000 	/System/Library/Frameworks/OpenGL.framework/Versions/A/Libraries/libCoreVMClient.dylib
0x0000000022ef8000 	/System/Library/PrivateFrameworks/CrashReporterSupport.framework/Versions/A/CrashReporterSupport
0x0000000022ef8000 	/System/Library/PrivateFrameworks/Sharing.framework/Versions/A/Sharing
0x0000000022ef8000 	/System/Library/PrivateFrameworks/IconServices.framework/Versions/A/IconServices
0x0000000022ef8000 	/System/Library/PrivateFrameworks/ProtocolBuffer.framework/Versions/A/ProtocolBuffer
0x0000000022ef8000 	/System/Library/PrivateFrameworks/Apple80211.framework/Versions/A/Apple80211
0x0000000022ef8000 	/System/Library/Frameworks/CoreWLAN.framework/Versions/A/CoreWLAN
0x0000000022ef8000 	/System/Library/PrivateFrameworks/CoreUtils.framework/Versions/A/CoreUtils
0x0000000022ef8000 	/System/Library/Frameworks/IOBluetooth.framework/Versions/A/IOBluetooth
0x0000000022ef8000 	/System/Library/PrivateFrameworks/CoreWiFi.framework/Versions/A/CoreWiFi
0x0000000022ef8000 	/System/Library/Frameworks/CoreBluetooth.framework/Versions/A/CoreBluetooth
0x0000000022ef8000 	/System/Library/Frameworks/CoreDisplay.framework/Versions/A/CoreDisplay
0x0000000022ef8000 	/System/Library/PrivateFrameworks/IOPresentment.framework/Versions/A/IOPresentment
0x0000000022ef8000 	/System/Library/PrivateFrameworks/DebugSymbols.framework/Versions/A/DebugSymbols
0x0000000022ef8000 	/System/Library/PrivateFrameworks/CoreSymbolication.framework/Versions/A/CoreSymbolication
0x0000000022ef8000 	/System/Library/PrivateFrameworks/Symbolication.framework/Versions/A/Symbolication
0x0000000022ef8000 	/System/Library/PrivateFrameworks/AppleFSCompression.framework/Versions/A/AppleFSCompression
0x0000000022ef8000 	/System/Library/PrivateFrameworks/SpeechRecognitionCore.framework/Versions/A/SpeechRecognitionCore
0x0000000022ef8000 	/System/Library/PrivateFrameworks/ChunkingLibrary.framework/Versions/A/ChunkingLibrary
0x000000010c000000 	/Library/Java/JavaVirtualMachines/jdk1.7.0_79.jdk/Contents/Home/jre//lib/server/libjvm.dylib
0x0000000022ef8000 	/usr/lib/libstdc++.6.dylib
0x000000010aef3000 	/Library/Java/JavaVirtualMachines/jdk1.7.0_79.jdk/Contents/Home/jre/lib/libverify.dylib
0x000000010af00000 	/Library/Java/JavaVirtualMachines/jdk1.7.0_79.jdk/Contents/Home/jre/lib/libjava.dylib
0x000000010af38000 	/Library/Java/JavaVirtualMachines/jdk1.7.0_79.jdk/Contents/Home/jre/lib/libzip.dylib
0x0000000112f08000 	/System/Library/Frameworks/JavaVM.framework/Frameworks/JavaRuntimeSupport.framework/JavaRuntimeSupport
0x0000000112f22000 	/System/Library/Frameworks/JavaVM.framework/Versions/A/Frameworks/JavaNativeFoundation.framework/Versions/A/JavaNativeFoundation
0x0000000112f37000 	/System/Library/Frameworks/JavaVM.framework/Versions/A/JavaVM
0x0000000022ef8000 	/System/Library/Frameworks/Carbon.framework/Versions/A/Carbon
0x0000000112f44000 	/System/Library/PrivateFrameworks/JavaLaunching.framework/Versions/A/JavaLaunching
0x0000000022ef8000 	/System/Library/Frameworks/Carbon.framework/Versions/A/Frameworks/CommonPanels.framework/Versions/A/CommonPanels
0x0000000022ef8000 	/System/Library/Frameworks/Carbon.framework/Versions/A/Frameworks/Help.framework/Versions/A/Help
0x0000000022ef8000 	/System/Library/Frameworks/Carbon.framework/Versions/A/Frameworks/ImageCapture.framework/Versions/A/ImageCapture
0x0000000022ef8000 	/System/Library/Frameworks/Carbon.framework/Versions/A/Frameworks/OpenScripting.framework/Versions/A/OpenScripting
0x0000000022ef8000 	/System/Library/Frameworks/Carbon.framework/Versions/A/Frameworks/Print.framework/Versions/A/Print
0x0000000022ef8000 	/System/Library/Frameworks/Carbon.framework/Versions/A/Frameworks/SecurityHI.framework/Versions/A/SecurityHI
0x0000000114852000 	/Library/Java/JavaVirtualMachines/jdk1.7.0_79.jdk/Contents/Home/jre/lib/libnet.dylib
0x00000001148b0000 	/Library/Java/JavaVirtualMachines/jdk1.7.0_79.jdk/Contents/Home/jre/lib/libnio.dylib

VM Arguments:
java_command: <unknown>
Launcher Type: generic

Environment Variables:
PATH=/Library/Frameworks/Python.framework/Versions/3.6/bin:/Users/wangqi/.rvm/gems/ruby-2.0.0-p643/bin:/Users/wangqi/.rvm/gems/ruby-2.0.0-p643@global/bin:/Users/wangqi/.rvm/rubies/ruby-2.0.0-p643/bin:/usr/local/bin:/usr/bin:/bin:/usr/sbin:/sbin:/Users/wangqi/.rvm/bin:/Users/wangqi/.rvm/bin
SHELL=/bin/bash

Signal Handlers:
SIGSEGV: [libjvm.dylib+0x52daf1], sa_mask[0]=0xfffefeff, sa_flags=0x00000043
SIGBUS: [libjvm.dylib+0x52daf1], sa_mask[0]=0xfffefeff, sa_flags=0x00000042
SIGFPE: [libjvm.dylib+0x41f34e], sa_mask[0]=0xfffefeff, sa_flags=0x00000042
SIGPIPE: [libjvm.dylib+0x41f34e], sa_mask[0]=0xfffefeff, sa_flags=0x00000042
SIGXFSZ: [libjvm.dylib+0x41f34e], sa_mask[0]=0xfffefeff, sa_flags=0x00000042
SIGILL: [libjvm.dylib+0x41f34e], sa_mask[0]=0xfffefeff, sa_flags=0x00000042
SIGUSR1: SIG_DFL, sa_mask[0]=0x63807efb, sa_flags=0x00000000
SIGUSR2: [libjvm.dylib+0x41ee40], sa_mask[0]=0x00000004, sa_flags=0x00000042
SIGHUP: [libjvm.dylib+0x41d0d1], sa_mask[0]=0xfffefeff, sa_flags=0x00000042
SIGINT: [libjvm.dylib+0x41d0d1], sa_mask[0]=0xfffefeff, sa_flags=0x00000042
SIGTERM: [libjvm.dylib+0x41d0d1], sa_mask[0]=0xfffefeff, sa_flags=0x00000042
SIGQUIT: [libjvm.dylib+0x41d0d1], sa_mask[0]=0xfffefeff, sa_flags=0x00000042


---------------  S Y S T E M  ---------------

OS:Bsduname:Darwin 16.1.0 Darwin Kernel Version 16.1.0: Wed Oct 19 20:31:56 PDT 2016; root:xnu-3789.21.4~4/RELEASE_X86_64 x86_64
rlimit: STACK 8192k, CORE 0k, NPROC 709, NOFILE 10240, AS infinity
load average:3.10 2.62 2.47

CPU:total 8 (4 cores per cpu, 2 threads per core) family 6 model 70 stepping 1, cmov, cx8, fxsr, mmx, sse, sse2, sse3, ssse3, sse4.1, sse4.2, popcnt, avx, avx2, aes, erms, ht, tsc, tscinvbit

Memory: 4k page, physical 16777216k(4194304k free)

/proc/meminfo:


vm_info: Java HotSpot(TM) 64-Bit Server VM (24.79-b02) for bsd-amd64 JRE (1.7.0_79-b15), built on Apr 10 2015 11:35:04 by "java_re" with gcc 4.2.1 (Based on Apple Inc. build 5658) (LLVM build 2336.11.00)

time: Thu Feb  9 12:49:14 2017
elapsed time: 0 seconds

