#
# A fatal error has been detected by the Java Runtime Environment:
#
#  SIGSEGV (0xb) at pc=0x000000010c41068e, pid=24104, tid=12295
#
# JRE version: Java(TM) SE Runtime Environment (7.0_79-b15) (build 1.7.0_79-b15)
# Java VM: Java HotSpot(TM) 64-Bit Server VM (24.79-b02 mixed mode bsd-amd64 compressed oops)
# Problematic frame:
# C  [_jpype.so+0x1068e]  JPJavaEnv::FindClass(char const*)+0x26
#
# Failed to write core dump. Core dumps have been disabled. To enable core dumping, try "ulimit -c unlimited" before starting Java again
#
# If you would like to submit a bug report, please visit:
#   http://bugreport.java.com/bugreport/crash.jsp
#

---------------  T H R E A D  ---------------

Current thread is native thread

siginfo:si_signo=SIGSEGV: si_errno=0, si_code=1 (SEGV_MAPERR), si_addr=0x0000000000000000

Registers:
RAX=0x00007fbce846b240, RBX=0x0000000000000000, RCX=0x000000000005a101, RDX=0x000000000005a100
RSP=0x000070000df42210, RBP=0x000070000df42230, RSI=0x000000000005a100, RDI=0x0005a0000005a100
R8 =0x000000000005a000, R9 =0x00007fbce5602940, R10=0x00007fbce5602948, R11=0x00007fbce5602944
R12=0x000000012021d890, R13=0x00007fbce5538f30, R14=0x00007fbce575b500, R15=0x00007fbce846b240
RIP=0x000000010c41068e, EFLAGS=0x0000000000010202, ERR=0x0000000000000004
  TRAPNO=0x000000000000000e

Top of Stack: (sp=0x000070000df42210)
0x000070000df42210:   00007fbce5465d10 000000012021d890
0x000070000df42220:   000070000df42308 00007fbce846b240
0x000070000df42230:   000070000df422f0 000000010c425344
0x000070000df42240:   6e61682e6d6f632c 000000010c44f928
0x000070000df42250:   0000000000000000 0000000000000000
0x000070000df42260:   0000000000000000 0000000000000000
0x000070000df42270:   0000000000000000 0000000000000000
0x000070000df42280:   0000000000000000 0000000000000000
0x000070000df42290:   0000000000000000 6e61682e6d6f632c
0x000070000df422a0:   6c6e61682e73636b 00504c6e61482e70
0x000070000df422b0:   000000010c450a70 0000000000000021
0x000070000df422c0:   0000000000000018 00007fbce575bdc0
0x000070000df422d0:   000000012021d800 000000012021d890
0x000070000df422e0:   000000010cc79b40 00007fbce846b240
0x000070000df422f0:   000070000df42380 000000010c429b6e
0x000070000df42300:   000000010c1ee3d0 6e61682e6d6f632c
0x000070000df42310:   6c6e61682e73636b 00504c6e61482e70
0x000070000df42320:   0000000000000021 0000000000000018
0x000070000df42330:   00007fbce575b500 000000010000000a
0x000070000df42340:   000000011ff4e594 000000010c450a70
0x000070000df42350:   6f4d657079504a2c 69663a3a656c7564
0x000070000df42360:   007373616c43646e 000000012021d800
0x000070000df42370:   000000010c3eccb0 000000010cc79b40
0x000070000df42380:   000070000df42490 000000010c16e534
0x000070000df42390:   000070000df422d0 000000010c2dd280
0x000070000df423a0:   5e4cee92d5f10066 0000000120248930
0x000070000df423b0:   000070000df423d0 00007fbce6094000
0x000070000df423c0:   000000010cc3a5b0 000000010ccea5a8
0x000070000df423d0:   000070000df42400 00007fbce5538f28
0x000070000df423e0:   0000000000000000 000000010c3cdae0
0x000070000df423f0:   0000000000000002 00007fbce5538f28
0x000070000df42400:   000070000df42440 ffffffffffffffff 

Instructions: (pc=0x000000010c41068e)
0x000000010c41066e:   41 56 53 50 49 89 f6 e8 06 90 ff ff 48 89 c3 e8
0x000000010c41067e:   9b 64 ff ff 48 8b 08 48 89 c7 ff 51 30 49 89 c7
0x000000010c41068e:   48 8b 03 48 89 df 4c 89 f6 ff 50 30 48 89 c3 e8
0x000000010c41069e:   7b 64 ff ff 48 8b 08 48 89 c7 4c 89 fe ff 51 38 

Register to memory mapping:

RAX=0x00007fbce846b240 is an unknown value
RBX=0x0000000000000000 is an unknown value
RCX=0x000000000005a101 is an unknown value
RDX=0x000000000005a100 is an unknown value
RSP=0x000070000df42210 is an unknown value
RBP=0x000070000df42230 is an unknown value
RSI=0x000000000005a100 is an unknown value
RDI=0x0005a0000005a100 is an unknown value
R8 =0x000000000005a000 is an unknown value
R9 =0x00007fbce5602940 is an unknown value
R10=0x00007fbce5602948 is an unknown value
R11=0x00007fbce5602944 is an unknown value
R12=0x000000012021d890 is an unknown value
R13=0x00007fbce5538f30 is an unknown value
R14=0x00007fbce575b500 is an unknown value
R15=0x00007fbce846b240 is an unknown value


Stack: [0x000070000db48000,0x000070000df48000],  sp=0x000070000df42210,  free space=4072k
Native frames: (J=compiled Java code, j=interpreted, Vv=VM code, C=native code)
C  [_jpype.so+0x1068e]  JPJavaEnv::FindClass(char const*)+0x26
C  [_jpype.so+0x25344]  JPTypeManager::findClass(JPTypeName const&)+0x89
C  [_jpype.so+0x29b6e]  JPypeJavaClass::findClass(_object*, _object*)+0x47
C  [Python+0x86534]  PyEval_EvalFrameEx+0x3920
C  [Python+0x894d5]  _PyEval_SliceIndex+0x1e5
C  [Python+0x85eae]  PyEval_EvalFrameEx+0x329a
C  [Python+0x82a1e]  PyEval_EvalCodeEx+0x651
C  [Python+0x28531]  PyFunction_SetClosure+0x33a
C  [Python+0xa75b]  PyObject_Call+0x63
C  [Python+0x86045]  PyEval_EvalFrameEx+0x3431
C  [Python+0x82a1e]  PyEval_EvalCodeEx+0x651
C  [Python+0x89442]  _PyEval_SliceIndex+0x152
C  [Python+0x85eae]  PyEval_EvalFrameEx+0x329a
C  [Python+0x82a1e]  PyEval_EvalCodeEx+0x651
C  [Python+0x89442]  _PyEval_SliceIndex+0x152
C  [Python+0x85eae]  PyEval_EvalFrameEx+0x329a
C  [Python+0x82a1e]  PyEval_EvalCodeEx+0x651
C  [Python+0x28531]  PyFunction_SetClosure+0x33a
C  [Python+0xa75b]  PyObject_Call+0x63
C  [Python+0x1540c]  PyMethod_New+0x4c5
C  [Python+0xa75b]  PyObject_Call+0x63
C  [Python+0x5083e]  _PyObject_SlotCompare+0xb72
C  [Python+0xa75b]  PyObject_Call+0x63
C  [Python+0x857eb]  PyEval_EvalFrameEx+0x2bd7
C  [Python+0x82a1e]  PyEval_EvalCodeEx+0x651
C  [Python+0x89442]  _PyEval_SliceIndex+0x152
C  [Python+0x85eae]  PyEval_EvalFrameEx+0x329a
C  [Python+0x82a1e]  PyEval_EvalCodeEx+0x651
C  [Python+0x28531]  PyFunction_SetClosure+0x33a
C  [Python+0xa75b]  PyObject_Call+0x63
C  [Python+0x1540c]  PyMethod_New+0x4c5
C  [Python+0xa75b]  PyObject_Call+0x63
C  [Python+0x5083e]  _PyObject_SlotCompare+0xb72
C  [Python+0xa75b]  PyObject_Call+0x63
C  [Python+0x857eb]  PyEval_EvalFrameEx+0x2bd7
C  [Python+0x82a1e]  PyEval_EvalCodeEx+0x651
C  [Python+0x89442]  _PyEval_SliceIndex+0x152
C  [Python+0x85eae]  PyEval_EvalFrameEx+0x329a
C  [Python+0x82a1e]  PyEval_EvalCodeEx+0x651
C  [Python+0x28531]  PyFunction_SetClosure+0x33a
C  [Python+0xa75b]  PyObject_Call+0x63
C  [Python+0x1540c]  PyMethod_New+0x4c5
C  [Python+0xa75b]  PyObject_Call+0x63
C  [Python+0x5083e]  _PyObject_SlotCompare+0xb72
C  [Python+0xa75b]  PyObject_Call+0x63
C  [Python+0x857eb]  PyEval_EvalFrameEx+0x2bd7
C  [Python+0x82a1e]  PyEval_EvalCodeEx+0x651
C  [Python+0x89442]  _PyEval_SliceIndex+0x152
C  [Python+0x85eae]  PyEval_EvalFrameEx+0x329a
C  [Python+0x82a1e]  PyEval_EvalCodeEx+0x651
C  [Python+0x28531]  PyFunction_SetClosure+0x33a
C  [Python+0xa75b]  PyObject_Call+0x63
C  [Python+0x1540c]  PyMethod_New+0x4c5
C  [Python+0xa75b]  PyObject_Call+0x63
C  [Python+0x5083e]  _PyObject_SlotCompare+0xb72
C  [Python+0xa75b]  PyObject_Call+0x63
C  [Python+0x857eb]  PyEval_EvalFrameEx+0x2bd7
C  [Python+0x82a1e]  PyEval_EvalCodeEx+0x651
C  [Python+0x89442]  _PyEval_SliceIndex+0x152
C  [Python+0x85eae]  PyEval_EvalFrameEx+0x329a
C  [Python+0x82a1e]  PyEval_EvalCodeEx+0x651
C  [Python+0x28531]  PyFunction_SetClosure+0x33a
C  [Python+0xa75b]  PyObject_Call+0x63
C  [Python+0x1540c]  PyMethod_New+0x4c5
C  [Python+0xa75b]  PyObject_Call+0x63
C  [Python+0x5083e]  _PyObject_SlotCompare+0xb72
C  [Python+0xa75b]  PyObject_Call+0x63
C  [Python+0x857eb]  PyEval_EvalFrameEx+0x2bd7
C  [Python+0x82a1e]  PyEval_EvalCodeEx+0x651
C  [Python+0x89442]  _PyEval_SliceIndex+0x152
C  [Python+0x85eae]  PyEval_EvalFrameEx+0x329a
C  [Python+0x82a1e]  PyEval_EvalCodeEx+0x651
C  [Python+0x28531]  PyFunction_SetClosure+0x33a
C  [Python+0xa75b]  PyObject_Call+0x63
C  [Python+0x1540c]  PyMethod_New+0x4c5
C  [Python+0xa75b]  PyObject_Call+0x63
C  [Python+0x5083e]  _PyObject_SlotCompare+0xb72
C  [Python+0xa75b]  PyObject_Call+0x63
C  [Python+0x857eb]  PyEval_EvalFrameEx+0x2bd7
C  [Python+0x82a1e]  PyEval_EvalCodeEx+0x651
C  [Python+0x89442]  _PyEval_SliceIndex+0x152
C  [Python+0x85eae]  PyEval_EvalFrameEx+0x329a
C  [Python+0x82a1e]  PyEval_EvalCodeEx+0x651
C  [Python+0x89442]  _PyEval_SliceIndex+0x152
C  [Python+0x85eae]  PyEval_EvalFrameEx+0x329a
C  [Python+0x82a1e]  PyEval_EvalCodeEx+0x651
C  [Python+0x28531]  PyFunction_SetClosure+0x33a
C  [Python+0xa75b]  PyObject_Call+0x63
C  [Python+0x1540c]  PyMethod_New+0x4c5
C  [Python+0xa75b]  PyObject_Call+0x63
C  [Python+0x5083e]  _PyObject_SlotCompare+0xb72
C  [Python+0xa75b]  PyObject_Call+0x63
C  [Python+0x857eb]  PyEval_EvalFrameEx+0x2bd7
C  [Python+0x82a1e]  PyEval_EvalCodeEx+0x651
C  [Python+0x28531]  PyFunction_SetClosure+0x33a
C  [Python+0xa75b]  PyObject_Call+0x63
C  [Python+0x1540c]  PyMethod_New+0x4c5
C  [Python+0xa75b]  PyObject_Call+0x63
C  [Python+0x5083e]  _PyObject_SlotCompare+0xb72
C  [Python+0xa75b]  PyObject_Call+0x63
...<more frames>...


---------------  P R O C E S S  ---------------

VM state:not at safepoint (normal execution)

VM Mutex/Monitor currently owned by a thread: None

Heap
 PSYoungGen      total 76800K, used 2642K [0x00000007aaa80000, 0x00000007b0000000, 0x0000000800000000)
  eden space 66048K, 4% used [0x00000007aaa80000,0x00000007aad14898,0x00000007aeb00000)
  from space 10752K, 0% used [0x00000007af580000,0x00000007af580000,0x00000007b0000000)
  to   space 10752K, 0% used [0x00000007aeb00000,0x00000007aeb00000,0x00000007af580000)
 ParOldGen       total 174592K, used 0K [0x0000000700000000, 0x000000070aa80000, 0x00000007aaa80000)
  object space 174592K, 0% used [0x0000000700000000,0x0000000700000000,0x000000070aa80000)
 PSPermGen       total 21504K, used 2216K [0x00000006fae00000, 0x00000006fc300000, 0x0000000700000000)
  object space 21504K, 10% used [0x00000006fae00000,0x00000006fb02a2d0,0x00000006fc300000)

Card table byte_map: [0x00000001109dd000,0x0000000111207000] byte_map_base: 0x000000010d206000

Polling page: 0x000000010c7cb000

Code Cache  [0x000000010d91d000, 0x000000010db8d000, 0x000000011091d000)
 total_blobs=157 nmethods=0 adapters=127 free_code_cache=48778Kb largest_free_block=49948992

Compilation events (0 events):
No events

GC Heap History (0 events):
No events

Deoptimization events (0 events):
No events

Internal exceptions (1 events):
Event: 0.033 Thread 0x00007fbce6951000 Threw 0x00000007aaa8f2a8 at /HUDSON/workspace/7u-2-build-macosx-x86_64/jdk7u79/2331/hotspot/src/share/vm/prims/jni.cpp:3991

Events (10 events):
Event: 0.057 loading class 0x00007fbce546d2d0 done
Event: 0.057 loading class 0x000000011a2a5720
Event: 0.058 loading class 0x000000011a2a5720 done
Event: 0.058 loading class 0x000000011a292060
Event: 0.058 loading class 0x000000011a292060 done
Event: 0.058 loading class 0x000000011a29b980
Event: 0.058 loading class 0x000000011a29b980 done
Event: 0.061 Thread 0x00007fbce58ee800 Thread added: 0x00007fbce58ee800
Event: 4.098 Executing VM operation: EnableBiasedLocking
Event: 4.098 Executing VM operation: EnableBiasedLocking done


Dynamic libraries:
0x000000010c0e8000 	/System/Library/Frameworks/Python.framework/Versions/2.7/Python
0x0000000022ef8000 	/usr/lib/libSystem.B.dylib
0x0000000022ef8000 	/System/Library/Frameworks/CoreFoundation.framework/Versions/A/CoreFoundation
0x0000000022ef8000 	/usr/lib/system/libcache.dylib
0x0000000022ef8000 	/usr/lib/system/libcommonCrypto.dylib
0x0000000022ef8000 	/usr/lib/system/libcompiler_rt.dylib
0x0000000022ef8000 	/usr/lib/system/libcopyfile.dylib
0x0000000022ef8000 	/usr/lib/system/libcorecrypto.dylib
0x0000000022ef8000 	/usr/lib/system/libdispatch.dylib
0x0000000022ef8000 	/usr/lib/system/libdyld.dylib
0x0000000022ef8000 	/usr/lib/system/libkeymgr.dylib
0x0000000022ef8000 	/usr/lib/system/liblaunch.dylib
0x0000000022ef8000 	/usr/lib/system/libmacho.dylib
0x0000000022ef8000 	/usr/lib/system/libquarantine.dylib
0x0000000022ef8000 	/usr/lib/system/libremovefile.dylib
0x0000000022ef8000 	/usr/lib/system/libsystem_asl.dylib
0x0000000022ef8000 	/usr/lib/system/libsystem_blocks.dylib
0x0000000022ef8000 	/usr/lib/system/libsystem_c.dylib
0x0000000022ef8000 	/usr/lib/system/libsystem_configuration.dylib
0x0000000022ef8000 	/usr/lib/system/libsystem_coreservices.dylib
0x0000000022ef8000 	/usr/lib/system/libsystem_coretls.dylib
0x0000000022ef8000 	/usr/lib/system/libsystem_dnssd.dylib
0x0000000022ef8000 	/usr/lib/system/libsystem_info.dylib
0x0000000022ef8000 	/usr/lib/system/libsystem_kernel.dylib
0x0000000022ef8000 	/usr/lib/system/libsystem_m.dylib
0x0000000022ef8000 	/usr/lib/system/libsystem_malloc.dylib
0x0000000022ef8000 	/usr/lib/system/libsystem_network.dylib
0x0000000022ef8000 	/usr/lib/system/libsystem_networkextension.dylib
0x0000000022ef8000 	/usr/lib/system/libsystem_notify.dylib
0x0000000022ef8000 	/usr/lib/system/libsystem_platform.dylib
0x0000000022ef8000 	/usr/lib/system/libsystem_pthread.dylib
0x0000000022ef8000 	/usr/lib/system/libsystem_sandbox.dylib
0x0000000022ef8000 	/usr/lib/system/libsystem_secinit.dylib
0x0000000022ef8000 	/usr/lib/system/libsystem_symptoms.dylib
0x0000000022ef8000 	/usr/lib/system/libsystem_trace.dylib
0x0000000022ef8000 	/usr/lib/system/libunwind.dylib
0x0000000022ef8000 	/usr/lib/system/libxpc.dylib
0x0000000022ef8000 	/usr/lib/libobjc.A.dylib
0x0000000022ef8000 	/usr/lib/libauto.dylib
0x0000000022ef8000 	/usr/lib/libc++abi.dylib
0x0000000022ef8000 	/usr/lib/libc++.1.dylib
0x0000000022ef8000 	/usr/lib/libDiagnosticMessagesClient.dylib
0x0000000022ef8000 	/usr/lib/libicucore.A.dylib
0x0000000022ef8000 	/usr/lib/libz.1.dylib
0x000000010c274000 	/System/Library/CoreServices/Encodings/libSimplifiedChineseConverter.dylib
0x000000010c3ba000 	/System/Library/Frameworks/Python.framework/Versions/2.7/lib/python2.7/lib-dynload/_locale.so
0x000000010c400000 	/Library/Python/2.7/site-packages/_jpype.so
0x000000010c4e9000 	/System/Library/Frameworks/Python.framework/Versions/2.7/lib/python2.7/lib-dynload/math.so
0x000000010c4f3000 	/System/Library/Frameworks/Python.framework/Versions/2.7/Extras/lib/python/numpy/core/multiarray.so
0x000000010c5e5000 	/System/Library/Frameworks/Python.framework/Versions/2.7/lib/python2.7/lib-dynload/datetime.so
0x000000010c638000 	/System/Library/Frameworks/Python.framework/Versions/2.7/Extras/lib/python/numpy/core/umath.so
0x000000010c689000 	/System/Library/Frameworks/Python.framework/Versions/2.7/lib/python2.7/lib-dynload/_collections.so
0x000000010c692000 	/System/Library/Frameworks/Python.framework/Versions/2.7/lib/python2.7/lib-dynload/operator.so
0x000000010c6dc000 	/System/Library/Frameworks/Python.framework/Versions/2.7/lib/python2.7/lib-dynload/itertools.so
0x000000010c6ea000 	/System/Library/Frameworks/Python.framework/Versions/2.7/lib/python2.7/lib-dynload/_heapq.so
0x000000010c6f1000 	/System/Library/Frameworks/Python.framework/Versions/2.7/lib/python2.7/lib-dynload/cPickle.so
0x000000010c703000 	/System/Library/Frameworks/Python.framework/Versions/2.7/lib/python2.7/lib-dynload/cStringIO.so
0x000000010c70a000 	/System/Library/Frameworks/Python.framework/Versions/2.7/Extras/lib/python/numpy/core/_dotblas.so
0x0000000022ef8000 	/System/Library/Frameworks/Accelerate.framework/Versions/A/Accelerate
0x0000000022ef8000 	/System/Library/Frameworks/Accelerate.framework/Versions/A/Frameworks/vImage.framework/Versions/A/vImage
0x0000000022ef8000 	/System/Library/Frameworks/Accelerate.framework/Versions/A/Frameworks/vecLib.framework/Versions/A/vecLib
0x0000000022ef8000 	/System/Library/Frameworks/Accelerate.framework/Versions/A/Frameworks/vecLib.framework/Versions/A/libvDSP.dylib
0x0000000022ef8000 	/System/Library/Frameworks/Accelerate.framework/Versions/A/Frameworks/vecLib.framework/Versions/A/libBNNS.dylib
0x0000000022ef8000 	/System/Library/Frameworks/Accelerate.framework/Versions/A/Frameworks/vecLib.framework/Versions/A/libQuadrature.dylib
0x0000000022ef8000 	/System/Library/Frameworks/Accelerate.framework/Versions/A/Frameworks/vecLib.framework/Versions/A/libvMisc.dylib
0x0000000022ef8000 	/System/Library/Frameworks/Accelerate.framework/Versions/A/Frameworks/vecLib.framework/Versions/A/libLAPACK.dylib
0x0000000022ef8000 	/System/Library/Frameworks/Accelerate.framework/Versions/A/Frameworks/vecLib.framework/Versions/A/libBLAS.dylib
0x0000000022ef8000 	/System/Library/Frameworks/Accelerate.framework/Versions/A/Frameworks/vecLib.framework/Versions/A/libLinearAlgebra.dylib
0x0000000022ef8000 	/System/Library/Frameworks/Accelerate.framework/Versions/A/Frameworks/vecLib.framework/Versions/A/libSparseBLAS.dylib
0x000000010c712000 	/System/Library/Frameworks/Python.framework/Versions/2.7/lib/python2.7/lib-dynload/_functools.so
0x000000010c758000 	/System/Library/Frameworks/Python.framework/Versions/2.7/Extras/lib/python/numpy/core/scalarmath.so
0x000000010c7b8000 	/System/Library/Frameworks/Python.framework/Versions/2.7/lib/python2.7/lib-dynload/time.so
0x000000010c7c0000 	/System/Library/Frameworks/Python.framework/Versions/2.7/Extras/lib/python/numpy/lib/_compiled_base.so
0x000000010c997000 	/System/Library/Frameworks/Python.framework/Versions/2.7/Extras/lib/python/numpy/linalg/lapack_lite.so
0x000000010c9a0000 	/System/Library/Frameworks/Python.framework/Versions/2.7/Extras/lib/python/numpy/linalg/_umath_linalg.so
0x000000010cbc1000 	/System/Library/Frameworks/Python.framework/Versions/2.7/lib/python2.7/lib-dynload/grp.so
0x000000010cbc6000 	/System/Library/Frameworks/Python.framework/Versions/2.7/lib/python2.7/lib-dynload/future_builtins.so
0x000000010cc0b000 	/System/Library/Frameworks/Python.framework/Versions/2.7/Extras/lib/python/numpy/fft/fftpack_lite.so
0x000000010cc17000 	/System/Library/Frameworks/Python.framework/Versions/2.7/lib/python2.7/lib-dynload/strop.so
0x000000010cd20000 	/System/Library/Frameworks/Python.framework/Versions/2.7/Extras/lib/python/numpy/random/mtrand.so
0x000000010cd92000 	/System/Library/Frameworks/Python.framework/Versions/2.7/lib/python2.7/lib-dynload/_ctypes.so
0x0000000022ef8000 	/usr/lib/libffi.dylib
0x000000010cdac000 	/System/Library/Frameworks/Python.framework/Versions/2.7/lib/python2.7/lib-dynload/_struct.so
0x000000010ce2d000 	/Library/Java/JavaVirtualMachines/jdk1.7.0_79.jdk/Contents/Home/jre/lib/jli/libjli.dylib
0x0000000022ef8000 	/System/Library/Frameworks/Cocoa.framework/Versions/A/Cocoa
0x0000000022ef8000 	/System/Library/Frameworks/Security.framework/Versions/A/Security
0x0000000022ef8000 	/System/Library/Frameworks/ApplicationServices.framework/Versions/A/ApplicationServices
0x0000000022ef8000 	/System/Library/Frameworks/Foundation.framework/Versions/C/Foundation
0x0000000022ef8000 	/System/Library/Frameworks/AppKit.framework/Versions/C/AppKit
0x0000000022ef8000 	/System/Library/Frameworks/CoreData.framework/Versions/A/CoreData
0x0000000022ef8000 	/System/Library/PrivateFrameworks/RemoteViewServices.framework/Versions/A/RemoteViewServices
0x0000000022ef8000 	/System/Library/PrivateFrameworks/UIFoundation.framework/Versions/A/UIFoundation
0x0000000022ef8000 	/System/Library/PrivateFrameworks/DFRFoundation.framework/Versions/A/DFRFoundation
0x0000000022ef8000 	/usr/lib/libenergytrace.dylib
0x0000000022ef8000 	/System/Library/PrivateFrameworks/SkyLight.framework/Versions/A/SkyLight
0x0000000022ef8000 	/System/Library/Frameworks/CoreGraphics.framework/Versions/A/CoreGraphics
0x0000000022ef8000 	/usr/lib/libScreenReader.dylib
0x0000000022ef8000 	/System/Library/Frameworks/IOSurface.framework/Versions/A/IOSurface
0x0000000022ef8000 	/System/Library/Frameworks/AudioToolbox.framework/Versions/A/AudioToolbox
0x0000000022ef8000 	/System/Library/Frameworks/AudioUnit.framework/Versions/A/AudioUnit
0x0000000022ef8000 	/System/Library/PrivateFrameworks/DataDetectorsCore.framework/Versions/A/DataDetectorsCore
0x0000000022ef8000 	/System/Library/PrivateFrameworks/DesktopServicesPriv.framework/Versions/A/DesktopServicesPriv
0x0000000022ef8000 	/System/Library/Frameworks/Carbon.framework/Versions/A/Frameworks/HIToolbox.framework/Versions/A/HIToolbox
0x0000000022ef8000 	/System/Library/Frameworks/QuartzCore.framework/Versions/A/QuartzCore
0x0000000022ef8000 	/System/Library/Frameworks/Carbon.framework/Versions/A/Frameworks/SpeechRecognition.framework/Versions/A/SpeechRecognition
0x0000000022ef8000 	/usr/lib/libxml2.2.dylib
0x0000000022ef8000 	/System/Library/PrivateFrameworks/CoreUI.framework/Versions/A/CoreUI
0x0000000022ef8000 	/System/Library/Frameworks/CoreAudio.framework/Versions/A/CoreAudio
0x0000000022ef8000 	/System/Library/Frameworks/DiskArbitration.framework/Versions/A/DiskArbitration
0x0000000022ef8000 	/usr/lib/liblangid.dylib
0x0000000022ef8000 	/System/Library/PrivateFrameworks/MultitouchSupport.framework/Versions/A/MultitouchSupport
0x0000000022ef8000 	/System/Library/Frameworks/IOKit.framework/Versions/A/IOKit
0x0000000022ef8000 	/System/Library/Frameworks/CoreServices.framework/Versions/A/CoreServices
0x0000000022ef8000 	/System/Library/PrivateFrameworks/PerformanceAnalysis.framework/Versions/A/PerformanceAnalysis
0x0000000022ef8000 	/System/Library/PrivateFrameworks/GenerationalStorage.framework/Versions/A/GenerationalStorage
0x0000000022ef8000 	/System/Library/Frameworks/OpenGL.framework/Versions/A/OpenGL
0x0000000022ef8000 	/System/Library/Frameworks/CoreImage.framework/Versions/A/CoreImage
0x0000000022ef8000 	/System/Library/Frameworks/CoreText.framework/Versions/A/CoreText
0x0000000022ef8000 	/System/Library/Frameworks/ImageIO.framework/Versions/A/ImageIO
0x0000000022ef8000 	/System/Library/PrivateFrameworks/Backup.framework/Versions/A/Backup
0x0000000022ef8000 	/usr/lib/libarchive.2.dylib
0x0000000022ef8000 	/System/Library/Frameworks/CFNetwork.framework/Versions/A/CFNetwork
0x0000000022ef8000 	/System/Library/Frameworks/SystemConfiguration.framework/Versions/A/SystemConfiguration
0x0000000022ef8000 	/usr/lib/libCRFSuite.dylib
0x0000000022ef8000 	/usr/lib/libbsm.0.dylib
0x0000000022ef8000 	/usr/lib/system/libkxld.dylib
0x0000000022ef8000 	/usr/lib/libcoretls.dylib
0x0000000022ef8000 	/usr/lib/libcoretls_cfhelpers.dylib
0x0000000022ef8000 	/usr/lib/libxar.1.dylib
0x0000000022ef8000 	/usr/lib/libsqlite3.dylib
0x0000000022ef8000 	/usr/lib/libpam.2.dylib
0x0000000022ef8000 	/usr/lib/libOpenScriptingUtil.dylib
0x0000000022ef8000 	/usr/lib/libbz2.1.0.dylib
0x0000000022ef8000 	/usr/lib/liblzma.5.dylib
0x0000000022ef8000 	/usr/lib/libnetwork.dylib
0x0000000022ef8000 	/usr/lib/libpcap.A.dylib
0x0000000022ef8000 	/System/Library/Frameworks/CoreServices.framework/Versions/A/Frameworks/FSEvents.framework/Versions/A/FSEvents
0x0000000022ef8000 	/System/Library/Frameworks/CoreServices.framework/Versions/A/Frameworks/CarbonCore.framework/Versions/A/CarbonCore
0x0000000022ef8000 	/System/Library/Frameworks/CoreServices.framework/Versions/A/Frameworks/Metadata.framework/Versions/A/Metadata
0x0000000022ef8000 	/System/Library/Frameworks/CoreServices.framework/Versions/A/Frameworks/OSServices.framework/Versions/A/OSServices
0x0000000022ef8000 	/System/Library/Frameworks/CoreServices.framework/Versions/A/Frameworks/SearchKit.framework/Versions/A/SearchKit
0x0000000022ef8000 	/System/Library/Frameworks/CoreServices.framework/Versions/A/Frameworks/AE.framework/Versions/A/AE
0x0000000022ef8000 	/System/Library/Frameworks/CoreServices.framework/Versions/A/Frameworks/LaunchServices.framework/Versions/A/LaunchServices
0x0000000022ef8000 	/System/Library/Frameworks/CoreServices.framework/Versions/A/Frameworks/DictionaryServices.framework/Versions/A/DictionaryServices
0x0000000022ef8000 	/System/Library/Frameworks/CoreServices.framework/Versions/A/Frameworks/SharedFileList.framework/Versions/A/SharedFileList
0x0000000022ef8000 	/System/Library/Frameworks/NetFS.framework/Versions/A/NetFS
0x0000000022ef8000 	/System/Library/PrivateFrameworks/NetAuth.framework/Versions/A/NetAuth
0x0000000022ef8000 	/System/Library/PrivateFrameworks/login.framework/Versions/A/Frameworks/loginsupport.framework/Versions/A/loginsupport
0x0000000022ef8000 	/System/Library/PrivateFrameworks/TCC.framework/Versions/A/TCC
0x0000000022ef8000 	/usr/lib/libmecabra.dylib
0x0000000022ef8000 	/System/Library/Frameworks/ApplicationServices.framework/Versions/A/Frameworks/ATS.framework/Versions/A/ATS
0x0000000022ef8000 	/System/Library/Frameworks/ApplicationServices.framework/Versions/A/Frameworks/ColorSync.framework/Versions/A/ColorSync
0x0000000022ef8000 	/System/Library/Frameworks/ApplicationServices.framework/Versions/A/Frameworks/HIServices.framework/Versions/A/HIServices
0x0000000022ef8000 	/System/Library/Frameworks/ApplicationServices.framework/Versions/A/Frameworks/LangAnalysis.framework/Versions/A/LangAnalysis
0x0000000022ef8000 	/System/Library/Frameworks/ApplicationServices.framework/Versions/A/Frameworks/PrintCore.framework/Versions/A/PrintCore
0x0000000022ef8000 	/System/Library/Frameworks/ApplicationServices.framework/Versions/A/Frameworks/QD.framework/Versions/A/QD
0x0000000022ef8000 	/System/Library/Frameworks/ApplicationServices.framework/Versions/A/Frameworks/SpeechSynthesis.framework/Versions/A/SpeechSynthesis
0x0000000022ef8000 	/System/Library/Frameworks/ApplicationServices.framework/Versions/A/Frameworks/ATS.framework/Versions/A/Resources/libFontParser.dylib
0x0000000022ef8000 	/System/Library/Frameworks/ApplicationServices.framework/Versions/A/Frameworks/ATS.framework/Versions/A/Resources/libFontRegistry.dylib
0x0000000022ef8000 	/System/Library/Frameworks/ImageIO.framework/Versions/A/Resources/libJPEG.dylib
0x0000000022ef8000 	/System/Library/Frameworks/ImageIO.framework/Versions/A/Resources/libTIFF.dylib
0x0000000022ef8000 	/System/Library/Frameworks/ImageIO.framework/Versions/A/Resources/libPng.dylib
0x0000000022ef8000 	/System/Library/Frameworks/ImageIO.framework/Versions/A/Resources/libGIF.dylib
0x0000000022ef8000 	/System/Library/Frameworks/ImageIO.framework/Versions/A/Resources/libJP2.dylib
0x0000000022ef8000 	/System/Library/Frameworks/ImageIO.framework/Versions/A/Resources/libRadiance.dylib
0x0000000022ef8000 	/usr/lib/libcompression.dylib
0x0000000022ef8000 	/System/Library/PrivateFrameworks/AppleJPEG.framework/Versions/A/AppleJPEG
0x0000000022ef8000 	/usr/lib/libcups.2.dylib
0x0000000022ef8000 	/System/Library/Frameworks/Kerberos.framework/Versions/A/Kerberos
0x0000000022ef8000 	/System/Library/Frameworks/GSS.framework/Versions/A/GSS
0x0000000022ef8000 	/usr/lib/libresolv.9.dylib
0x0000000022ef8000 	/usr/lib/libiconv.2.dylib
0x0000000022ef8000 	/System/Library/PrivateFrameworks/Heimdal.framework/Versions/A/Heimdal
0x0000000022ef8000 	/usr/lib/libheimdal-asn1.dylib
0x0000000022ef8000 	/System/Library/Frameworks/OpenDirectory.framework/Versions/A/OpenDirectory
0x0000000022ef8000 	/System/Library/PrivateFrameworks/CommonAuth.framework/Versions/A/CommonAuth
0x0000000022ef8000 	/System/Library/Frameworks/OpenDirectory.framework/Versions/A/Frameworks/CFOpenDirectory.framework/Versions/A/CFOpenDirectory
0x0000000022ef8000 	/System/Library/Frameworks/SecurityFoundation.framework/Versions/A/SecurityFoundation
0x0000000022ef8000 	/System/Library/PrivateFrameworks/LanguageModeling.framework/Versions/A/LanguageModeling
0x0000000022ef8000 	/usr/lib/libmarisa.dylib
0x0000000022ef8000 	/usr/lib/libChineseTokenizer.dylib
0x0000000022ef8000 	/usr/lib/libcmph.dylib
0x0000000022ef8000 	/System/Library/PrivateFrameworks/CoreEmoji.framework/Versions/A/CoreEmoji
0x0000000022ef8000 	/System/Library/Frameworks/ServiceManagement.framework/Versions/A/ServiceManagement
0x0000000022ef8000 	/usr/lib/libxslt.1.dylib
0x0000000022ef8000 	/System/Library/Frameworks/Carbon.framework/Versions/A/Frameworks/Ink.framework/Versions/A/Ink
0x0000000022ef8000 	/System/Library/PrivateFrameworks/TextureIO.framework/Versions/A/TextureIO
0x0000000022ef8000 	/System/Library/Frameworks/Metal.framework/Versions/A/Metal
0x0000000022ef8000 	/usr/lib/libate.dylib
0x0000000022ef8000 	/System/Library/PrivateFrameworks/GPUCompiler.framework/libmetal_timestamp.dylib
0x0000000022ef8000 	/System/Library/Frameworks/OpenGL.framework/Versions/A/Libraries/libCoreFSCache.dylib
0x0000000022ef8000 	/System/Library/PrivateFrameworks/IOAccelerator.framework/Versions/A/IOAccelerator
0x0000000022ef8000 	/System/Library/Frameworks/CoreVideo.framework/Versions/A/CoreVideo
0x0000000022ef8000 	/usr/lib/libFosl_dynamic.dylib
0x0000000022ef8000 	/System/Library/PrivateFrameworks/MetalPerformanceShaders.framework/Versions/A/MetalPerformanceShaders
0x0000000022ef8000 	/System/Library/PrivateFrameworks/FaceCore.framework/Versions/A/FaceCore
0x0000000022ef8000 	/System/Library/Frameworks/OpenCL.framework/Versions/A/OpenCL
0x0000000022ef8000 	/System/Library/Frameworks/OpenGL.framework/Versions/A/Libraries/libGLU.dylib
0x0000000022ef8000 	/System/Library/Frameworks/OpenGL.framework/Versions/A/Libraries/libGFXShared.dylib
0x0000000022ef8000 	/System/Library/Frameworks/OpenGL.framework/Versions/A/Libraries/libGL.dylib
0x0000000022ef8000 	/System/Library/Frameworks/OpenGL.framework/Versions/A/Libraries/libGLImage.dylib
0x0000000022ef8000 	/System/Library/Frameworks/OpenGL.framework/Versions/A/Libraries/libCVMSPluginSupport.dylib
0x0000000022ef8000 	/System/Library/Frameworks/OpenGL.framework/Versions/A/Libraries/libCoreVMClient.dylib
0x0000000022ef8000 	/System/Library/PrivateFrameworks/CrashReporterSupport.framework/Versions/A/CrashReporterSupport
0x0000000022ef8000 	/System/Library/PrivateFrameworks/Sharing.framework/Versions/A/Sharing
0x0000000022ef8000 	/System/Library/PrivateFrameworks/IconServices.framework/Versions/A/IconServices
0x0000000022ef8000 	/System/Library/PrivateFrameworks/ProtocolBuffer.framework/Versions/A/ProtocolBuffer
0x0000000022ef8000 	/System/Library/PrivateFrameworks/Apple80211.framework/Versions/A/Apple80211
0x0000000022ef8000 	/System/Library/Frameworks/CoreWLAN.framework/Versions/A/CoreWLAN
0x0000000022ef8000 	/System/Library/PrivateFrameworks/CoreUtils.framework/Versions/A/CoreUtils
0x0000000022ef8000 	/System/Library/Frameworks/IOBluetooth.framework/Versions/A/IOBluetooth
0x0000000022ef8000 	/System/Library/PrivateFrameworks/CoreWiFi.framework/Versions/A/CoreWiFi
0x0000000022ef8000 	/System/Library/Frameworks/CoreBluetooth.framework/Versions/A/CoreBluetooth
0x0000000022ef8000 	/System/Library/Frameworks/CoreDisplay.framework/Versions/A/CoreDisplay
0x0000000022ef8000 	/System/Library/PrivateFrameworks/IOPresentment.framework/Versions/A/IOPresentment
0x0000000022ef8000 	/System/Library/PrivateFrameworks/DebugSymbols.framework/Versions/A/DebugSymbols
0x0000000022ef8000 	/System/Library/PrivateFrameworks/CoreSymbolication.framework/Versions/A/CoreSymbolication
0x0000000022ef8000 	/System/Library/PrivateFrameworks/Symbolication.framework/Versions/A/Symbolication
0x0000000022ef8000 	/System/Library/PrivateFrameworks/AppleFSCompression.framework/Versions/A/AppleFSCompression
0x0000000022ef8000 	/System/Library/PrivateFrameworks/SpeechRecognitionCore.framework/Versions/A/SpeechRecognitionCore
0x0000000022ef8000 	/System/Library/PrivateFrameworks/ChunkingLibrary.framework/Versions/A/ChunkingLibrary
0x000000010ce6c000 	/Library/Java/JavaVirtualMachines/jdk1.7.0_79.jdk/Contents/Home/jre//lib/server/libjvm.dylib
0x0000000022ef8000 	/usr/lib/libstdc++.6.dylib
0x000000010d8cf000 	/Library/Java/JavaVirtualMachines/jdk1.7.0_79.jdk/Contents/Home/jre/lib/libverify.dylib
0x000000010d8dc000 	/Library/Java/JavaVirtualMachines/jdk1.7.0_79.jdk/Contents/Home/jre/lib/libjava.dylib
0x000000010d914000 	/Library/Java/JavaVirtualMachines/jdk1.7.0_79.jdk/Contents/Home/jre/lib/libzip.dylib
0x000000011c183000 	/System/Library/Frameworks/JavaVM.framework/Frameworks/JavaRuntimeSupport.framework/JavaRuntimeSupport
0x000000011c19d000 	/System/Library/Frameworks/JavaVM.framework/Versions/A/Frameworks/JavaNativeFoundation.framework/Versions/A/JavaNativeFoundation
0x000000011c1b2000 	/System/Library/Frameworks/JavaVM.framework/Versions/A/JavaVM
0x0000000022ef8000 	/System/Library/Frameworks/Carbon.framework/Versions/A/Carbon
0x000000011c1bf000 	/System/Library/PrivateFrameworks/JavaLaunching.framework/Versions/A/JavaLaunching
0x0000000022ef8000 	/System/Library/Frameworks/Carbon.framework/Versions/A/Frameworks/CommonPanels.framework/Versions/A/CommonPanels
0x0000000022ef8000 	/System/Library/Frameworks/Carbon.framework/Versions/A/Frameworks/Help.framework/Versions/A/Help
0x0000000022ef8000 	/System/Library/Frameworks/Carbon.framework/Versions/A/Frameworks/ImageCapture.framework/Versions/A/ImageCapture
0x0000000022ef8000 	/System/Library/Frameworks/Carbon.framework/Versions/A/Frameworks/OpenScripting.framework/Versions/A/OpenScripting
0x0000000022ef8000 	/System/Library/Frameworks/Carbon.framework/Versions/A/Frameworks/Print.framework/Versions/A/Print
0x0000000022ef8000 	/System/Library/Frameworks/Carbon.framework/Versions/A/Frameworks/SecurityHI.framework/Versions/A/SecurityHI
0x000000011c1d3000 	/System/Library/Frameworks/Python.framework/Versions/2.7/lib/python2.7/lib-dynload/select.so
0x000000011c1dc000 	/System/Library/Frameworks/Python.framework/Versions/2.7/lib/python2.7/lib-dynload/fcntl.so
0x000000011c1e2000 	/System/Library/Frameworks/Python.framework/Versions/2.7/lib/python2.7/lib-dynload/binascii.so
0x000000011c1e9000 	/System/Library/Frameworks/Python.framework/Versions/2.7/lib/python2.7/lib-dynload/_socket.so
0x000000011ec63000 	/System/Library/Frameworks/Python.framework/Versions/2.7/lib/python2.7/lib-dynload/_ssl.so
0x0000000022ef8000 	/usr/lib/libssl.0.9.8.dylib
0x0000000022ef8000 	/usr/lib/libcrypto.0.9.8.dylib
0x0000000022ef8000 	/System/Library/PrivateFrameworks/TrustEvaluationAgent.framework/Versions/A/TrustEvaluationAgent
0x000000011c1fb000 	/System/Library/Frameworks/Python.framework/Versions/2.7/lib/python2.7/lib-dynload/_scproxy.so
0x000000011ecf8000 	/System/Library/Frameworks/Python.framework/Versions/2.7/lib/python2.7/lib-dynload/_io.so
0x000000011ed19000 	/System/Library/Frameworks/Python.framework/Versions/2.7/lib/python2.7/lib-dynload/_hashlib.so
0x000000011ed20000 	/System/Library/Frameworks/Python.framework/Versions/2.7/lib/python2.7/lib-dynload/_random.so
0x000000011ee66000 	/System/Library/Frameworks/Python.framework/Versions/2.7/lib/python2.7/lib-dynload/zlib.so
0x000000011eeee000 	/System/Library/Frameworks/Python.framework/Versions/2.7/lib/python2.7/lib-dynload/parser.so
0x000000011ef7b000 	/System/Library/Frameworks/Python.framework/Versions/2.7/lib/python2.7/lib-dynload/pyexpat.so
0x000000011ef88000 	/usr/lib/libexpat.1.dylib
0x000000011efab000 	/System/Library/Frameworks/Python.framework/Versions/2.7/lib/python2.7/lib-dynload/_bisect.so
0x000000011f030000 	/System/Library/Frameworks/Python.framework/Versions/2.7/lib/python2.7/lib-dynload/_json.so
0x000000011f03a000 	/System/Library/Frameworks/Python.framework/Versions/2.7/lib/python2.7/lib-dynload/unicodedata.so
0x000000011f3a6000 	/System/Library/Frameworks/Python.framework/Versions/2.7/lib/python2.7/lib-dynload/termios.so
0x000000011f42d000 	/System/Library/Frameworks/Python.framework/Versions/2.7/lib/python2.7/lib-dynload/array.so
0x000000011f678000 	/Library/Python/2.7/site-packages/_mysql.so
0x000000011f688000 	/usr/local/mysql/lib/libmysqlclient.20.dylib
0x000000011ff98000 	/Library/Python/2.7/site-packages/_MeCab.so
0x000000011ffb8000 	/usr/local/lib/libmecab.2.dylib

VM Arguments:
java_command: <unknown>
Launcher Type: generic

Environment Variables:
PATH=/Library/Frameworks/Python.framework/Versions/3.6/bin:/Users/wangqi/.rvm/gems/ruby-2.0.0-p643/bin:/Users/wangqi/.rvm/gems/ruby-2.0.0-p643@global/bin:/Users/wangqi/.rvm/rubies/ruby-2.0.0-p643/bin:/usr/local/bin:/usr/bin:/bin:/usr/sbin:/sbin:/Users/wangqi/.rvm/bin:/Users/wangqi/.rvm/bin
SHELL=/bin/bash

Signal Handlers:
SIGSEGV: [libjvm.dylib+0x52daf1], sa_mask[0]=0xfffefeff, sa_flags=0x00000043
SIGBUS: [libjvm.dylib+0x52daf1], sa_mask[0]=0xfffefeff, sa_flags=0x00000042
SIGFPE: [libjvm.dylib+0x41f34e], sa_mask[0]=0xfffefeff, sa_flags=0x00000042
SIGPIPE: SIG_IGN, sa_mask[0]=0x00000000, sa_flags=0x00000002
SIGXFSZ: [libjvm.dylib+0x41f34e], sa_mask[0]=0xfffefeff, sa_flags=0x00000042
SIGILL: [libjvm.dylib+0x41f34e], sa_mask[0]=0xfffefeff, sa_flags=0x00000042
SIGUSR1: SIG_DFL, sa_mask[0]=0x63807efb, sa_flags=0x00000000
SIGUSR2: [libjvm.dylib+0x41ee40], sa_mask[0]=0x00000004, sa_flags=0x00000042
SIGHUP: [libjvm.dylib+0x41d0d1], sa_mask[0]=0xfffefeff, sa_flags=0x00000042
SIGINT: [libjvm.dylib+0x41d0d1], sa_mask[0]=0xfffefeff, sa_flags=0x00000042
SIGTERM: [libjvm.dylib+0x41d0d1], sa_mask[0]=0xfffefeff, sa_flags=0x00000042
SIGQUIT: [libjvm.dylib+0x41d0d1], sa_mask[0]=0xfffefeff, sa_flags=0x00000042


---------------  S Y S T E M  ---------------

OS:Bsduname:Darwin 16.1.0 Darwin Kernel Version 16.1.0: Wed Oct 19 20:31:56 PDT 2016; root:xnu-3789.21.4~4/RELEASE_X86_64 x86_64
rlimit: STACK 8192k, CORE 0k, NPROC 709, NOFILE 10240, AS infinity
load average:3.63 3.18 3.03

CPU:total 8 (4 cores per cpu, 2 threads per core) family 6 model 70 stepping 1, cmov, cx8, fxsr, mmx, sse, sse2, sse3, ssse3, sse4.1, sse4.2, popcnt, avx, avx2, aes, erms, ht, tsc, tscinvbit

Memory: 4k page, physical 16777216k(4194304k free)

/proc/meminfo:


vm_info: Java HotSpot(TM) 64-Bit Server VM (24.79-b02) for bsd-amd64 JRE (1.7.0_79-b15), built on Apr 10 2015 11:35:04 by "java_re" with gcc 4.2.1 (Based on Apple Inc. build 5658) (LLVM build 2336.11.00)

time: Fri Feb 10 10:27:47 2017
elapsed time: 935 seconds

